{"/home/yvonlcy/Code/hkiitweb3/api-final-project/wanderlust-api/dist/src/index.js": {"path":"/home/yvonlcy/Code/hkiitweb3/api-final-project/wanderlust-api/dist/src/index.js","statementMap":{"0":{"start":{"line":2,"column":16},"end":{"line":10,"column":1}},"1":{"start":{"line":3,"column":28},"end":{"line":3,"column":110}},"2":{"start":{"line":3,"column":91},"end":{"line":3,"column":106}},"3":{"start":{"line":4,"column":4},"end":{"line":9,"column":7}},"4":{"start":{"line":5,"column":36},"end":{"line":5,"column":97}},"5":{"start":{"line":5,"column":42},"end":{"line":5,"column":70}},"6":{"start":{"line":5,"column":85},"end":{"line":5,"column":95}},"7":{"start":{"line":6,"column":35},"end":{"line":6,"column":100}},"8":{"start":{"line":6,"column":41},"end":{"line":6,"column":73}},"9":{"start":{"line":6,"column":88},"end":{"line":6,"column":98}},"10":{"start":{"line":7,"column":32},"end":{"line":7,"column":116}},"11":{"start":{"line":8,"column":8},"end":{"line":8,"column":78}},"12":{"start":{"line":11,"column":22},"end":{"line":13,"column":1}},"13":{"start":{"line":12,"column":4},"end":{"line":12,"column":62}},"14":{"start":{"line":14,"column":0},"end":{"line":14,"column":62}},"15":{"start":{"line":15,"column":14},"end":{"line":15,"column":45}},"16":{"start":{"line":16,"column":21},"end":{"line":16,"column":59}},"17":{"start":{"line":17,"column":19},"end":{"line":17,"column":55}},"18":{"start":{"line":18,"column":21},"end":{"line":18,"column":59}},"19":{"start":{"line":19,"column":25},"end":{"line":19,"column":67}},"20":{"start":{"line":20,"column":14},"end":{"line":20,"column":37}},"21":{"start":{"line":21,"column":16},"end":{"line":21,"column":58}},"22":{"start":{"line":22,"column":25},"end":{"line":22,"column":67}},"23":{"start":{"line":23,"column":17},"end":{"line":23,"column":51}},"24":{"start":{"line":24,"column":15},"end":{"line":24,"column":47}},"25":{"start":{"line":25,"column":26},"end":{"line":25,"column":82}},"26":{"start":{"line":26,"column":13},"end":{"line":26,"column":37}},"27":{"start":{"line":27,"column":12},"end":{"line":27,"column":31}},"28":{"start":{"line":28,"column":15},"end":{"line":28,"column":41}},"29":{"start":{"line":29,"column":0},"end":{"line":31,"column":3}},"30":{"start":{"line":30,"column":4},"end":{"line":30,"column":53}},"31":{"start":{"line":32,"column":0},"end":{"line":32,"column":35}},"32":{"start":{"line":33,"column":0},"end":{"line":33,"column":35}},"33":{"start":{"line":34,"column":0},"end":{"line":34,"column":37}},"34":{"start":{"line":35,"column":0},"end":{"line":35,"column":41}},"35":{"start":{"line":37,"column":20},"end":{"line":37,"column":92}},"36":{"start":{"line":38,"column":0},"end":{"line":38,"column":72}},"37":{"start":{"line":39,"column":0},"end":{"line":39,"column":40}},"38":{"start":{"line":40,"column":0},"end":{"line":40,"column":121}},"39":{"start":{"line":41,"column":0},"end":{"line":45,"column":1}},"40":{"start":{"line":42,"column":4},"end":{"line":44,"column":7}},"41":{"start":{"line":43,"column":8},"end":{"line":43,"column":63}},"42":{"start":{"line":47,"column":0},"end":{"line":52,"column":4}},"43":{"start":{"line":47,"column":27},"end":{"line":52,"column":2}},"44":{"start":{"line":48,"column":4},"end":{"line":48,"column":66}},"45":{"start":{"line":49,"column":4},"end":{"line":49,"column":30}},"46":{"start":{"line":50,"column":4},"end":{"line":50,"column":63}},"47":{"start":{"line":51,"column":4},"end":{"line":51,"column":20}},"48":{"start":{"line":53,"column":0},"end":{"line":53,"column":22}}},"fnMap":{"0":{"name":"(anonymous_0)","decl":{"start":{"line":2,"column":44},"end":{"line":2,"column":45}},"loc":{"start":{"line":2,"column":89},"end":{"line":10,"column":1}},"line":2},"1":{"name":"adopt","decl":{"start":{"line":3,"column":13},"end":{"line":3,"column":18}},"loc":{"start":{"line":3,"column":26},"end":{"line":3,"column":112}},"line":3},"2":{"name":"(anonymous_2)","decl":{"start":{"line":3,"column":70},"end":{"line":3,"column":71}},"loc":{"start":{"line":3,"column":89},"end":{"line":3,"column":108}},"line":3},"3":{"name":"(anonymous_3)","decl":{"start":{"line":4,"column":36},"end":{"line":4,"column":37}},"loc":{"start":{"line":4,"column":63},"end":{"line":9,"column":5}},"line":4},"4":{"name":"fulfilled","decl":{"start":{"line":5,"column":17},"end":{"line":5,"column":26}},"loc":{"start":{"line":5,"column":34},"end":{"line":5,"column":99}},"line":5},"5":{"name":"rejected","decl":{"start":{"line":6,"column":17},"end":{"line":6,"column":25}},"loc":{"start":{"line":6,"column":33},"end":{"line":6,"column":102}},"line":6},"6":{"name":"step","decl":{"start":{"line":7,"column":17},"end":{"line":7,"column":21}},"loc":{"start":{"line":7,"column":30},"end":{"line":7,"column":118}},"line":7},"7":{"name":"(anonymous_7)","decl":{"start":{"line":11,"column":56},"end":{"line":11,"column":57}},"loc":{"start":{"line":11,"column":71},"end":{"line":13,"column":1}},"line":11},"8":{"name":"(anonymous_8)","decl":{"start":{"line":29,"column":16},"end":{"line":29,"column":17}},"loc":{"start":{"line":29,"column":25},"end":{"line":31,"column":1}},"line":29},"9":{"name":"(anonymous_9)","decl":{"start":{"line":42,"column":27},"end":{"line":42,"column":28}},"loc":{"start":{"line":42,"column":33},"end":{"line":44,"column":5}},"line":42},"10":{"name":"(anonymous_10)","decl":{"start":{"line":47,"column":21},"end":{"line":47,"column":22}},"loc":{"start":{"line":47,"column":27},"end":{"line":52,"column":2}},"line":47},"11":{"name":"(anonymous_11)","decl":{"start":{"line":47,"column":61},"end":{"line":47,"column":62}},"loc":{"start":{"line":47,"column":74},"end":{"line":52,"column":1}},"line":47}},"branchMap":{"0":{"loc":{"start":{"line":2,"column":16},"end":{"line":10,"column":1}},"type":"binary-expr","locations":[{"start":{"line":2,"column":17},"end":{"line":2,"column":21}},{"start":{"line":2,"column":25},"end":{"line":2,"column":39}},{"start":{"line":2,"column":44},"end":{"line":10,"column":1}}],"line":2},"1":{"loc":{"start":{"line":3,"column":35},"end":{"line":3,"column":109}},"type":"cond-expr","locations":[{"start":{"line":3,"column":56},"end":{"line":3,"column":61}},{"start":{"line":3,"column":64},"end":{"line":3,"column":109}}],"line":3},"2":{"loc":{"start":{"line":4,"column":16},"end":{"line":4,"column":34}},"type":"binary-expr","locations":[{"start":{"line":4,"column":16},"end":{"line":4,"column":17}},{"start":{"line":4,"column":22},"end":{"line":4,"column":33}}],"line":4},"3":{"loc":{"start":{"line":7,"column":32},"end":{"line":7,"column":115}},"type":"cond-expr","locations":[{"start":{"line":7,"column":46},"end":{"line":7,"column":67}},{"start":{"line":7,"column":70},"end":{"line":7,"column":115}}],"line":7},"4":{"loc":{"start":{"line":8,"column":51},"end":{"line":8,"column":67}},"type":"binary-expr","locations":[{"start":{"line":8,"column":51},"end":{"line":8,"column":61}},{"start":{"line":8,"column":65},"end":{"line":8,"column":67}}],"line":8},"5":{"loc":{"start":{"line":11,"column":22},"end":{"line":13,"column":1}},"type":"binary-expr","locations":[{"start":{"line":11,"column":23},"end":{"line":11,"column":27}},{"start":{"line":11,"column":31},"end":{"line":11,"column":51}},{"start":{"line":11,"column":56},"end":{"line":13,"column":1}}],"line":11},"6":{"loc":{"start":{"line":12,"column":11},"end":{"line":12,"column":61}},"type":"cond-expr","locations":[{"start":{"line":12,"column":37},"end":{"line":12,"column":40}},{"start":{"line":12,"column":43},"end":{"line":12,"column":61}}],"line":12},"7":{"loc":{"start":{"line":12,"column":12},"end":{"line":12,"column":33}},"type":"binary-expr","locations":[{"start":{"line":12,"column":12},"end":{"line":12,"column":15}},{"start":{"line":12,"column":19},"end":{"line":12,"column":33}}],"line":12},"8":{"loc":{"start":{"line":41,"column":0},"end":{"line":45,"column":1}},"type":"if","locations":[{"start":{"line":41,"column":0},"end":{"line":45,"column":1}},{"start":{},"end":{}}],"line":41}},"s":{"0":1,"1":0,"2":0,"3":0,"4":0,"5":0,"6":0,"7":0,"8":0,"9":0,"10":0,"11":0,"12":1,"13":10,"14":1,"15":1,"16":1,"17":1,"18":1,"19":1,"20":1,"21":1,"22":1,"23":1,"24":1,"25":1,"26":1,"27":1,"28":1,"29":1,"30":0,"31":1,"32":1,"33":1,"34":1,"35":1,"36":1,"37":1,"38":1,"39":1,"40":0,"41":0,"42":1,"43":0,"44":0,"45":0,"46":0,"47":0,"48":1},"f":{"0":0,"1":0,"2":0,"3":0,"4":0,"5":0,"6":0,"7":10,"8":0,"9":0,"10":0,"11":0},"b":{"0":[1,1,1],"1":[0,0],"2":[0,0],"3":[0,0],"4":[0,0],"5":[1,1,1],"6":[2,8],"7":[10,10],"8":[0,1]},"inputSourceMap":null,"_coverageSchema":"1a1c01bbd47fc00a2c39e90264f33305004495a9","hash":"6fea1d878cfebd6197e125a1979c0f2fbb3185b8"}
,"/home/yvonlcy/Code/hkiitweb3/api-final-project/wanderlust-api/dist/src/config/env.js": {"path":"/home/yvonlcy/Code/hkiitweb3/api-final-project/wanderlust-api/dist/src/config/env.js","statementMap":{"0":{"start":{"line":3,"column":0},"end":{"line":3,"column":62}},"1":{"start":{"line":4,"column":0},"end":{"line":4,"column":116}},"2":{"start":{"line":5,"column":0},"end":{"line":5,"column":25}},"3":{"start":{"line":6,"column":0},"end":{"line":6,"column":205}}},"fnMap":{},"branchMap":{},"s":{"0":1,"1":1,"2":1,"3":1},"f":{},"b":{},"inputSourceMap":null,"_coverageSchema":"1a1c01bbd47fc00a2c39e90264f33305004495a9","hash":"ea8997e9aa41241b87e1440515b6a21585676323"}
,"/home/yvonlcy/Code/hkiitweb3/api-final-project/wanderlust-api/dist/src/controllers/hotel.js": {"path":"/home/yvonlcy/Code/hkiitweb3/api-final-project/wanderlust-api/dist/src/controllers/hotel.js","statementMap":{"0":{"start":{"line":2,"column":16},"end":{"line":10,"column":1}},"1":{"start":{"line":3,"column":28},"end":{"line":3,"column":110}},"2":{"start":{"line":3,"column":91},"end":{"line":3,"column":106}},"3":{"start":{"line":4,"column":4},"end":{"line":9,"column":7}},"4":{"start":{"line":5,"column":36},"end":{"line":5,"column":97}},"5":{"start":{"line":5,"column":42},"end":{"line":5,"column":70}},"6":{"start":{"line":5,"column":85},"end":{"line":5,"column":95}},"7":{"start":{"line":6,"column":35},"end":{"line":6,"column":100}},"8":{"start":{"line":6,"column":41},"end":{"line":6,"column":73}},"9":{"start":{"line":6,"column":88},"end":{"line":6,"column":98}},"10":{"start":{"line":7,"column":32},"end":{"line":7,"column":116}},"11":{"start":{"line":8,"column":8},"end":{"line":8,"column":78}},"12":{"start":{"line":11,"column":0},"end":{"line":11,"column":62}},"13":{"start":{"line":12,"column":0},"end":{"line":12,"column":113}},"14":{"start":{"line":13,"column":13},"end":{"line":13,"column":38}},"15":{"start":{"line":14,"column":18},"end":{"line":14,"column":36}},"16":{"start":{"line":59,"column":19},"end":{"line":85,"column":2}},"17":{"start":{"line":59,"column":28},"end":{"line":85,"column":2}},"18":{"start":{"line":60,"column":4},"end":{"line":60,"column":45}},"19":{"start":{"line":61,"column":40},"end":{"line":61,"column":49}},"20":{"start":{"line":62,"column":19},"end":{"line":62,"column":21}},"21":{"start":{"line":63,"column":4},"end":{"line":64,"column":35}},"22":{"start":{"line":64,"column":8},"end":{"line":64,"column":35}},"23":{"start":{"line":65,"column":4},"end":{"line":66,"column":35}},"24":{"start":{"line":66,"column":8},"end":{"line":66,"column":35}},"25":{"start":{"line":68,"column":19},"end":{"line":68,"column":38}},"26":{"start":{"line":69,"column":18},"end":{"line":69,"column":35}},"27":{"start":{"line":70,"column":4},"end":{"line":71,"column":22}},"28":{"start":{"line":71,"column":8},"end":{"line":71,"column":22}},"29":{"start":{"line":72,"column":4},"end":{"line":73,"column":20}},"30":{"start":{"line":73,"column":8},"end":{"line":73,"column":20}},"31":{"start":{"line":74,"column":17},"end":{"line":74,"column":41}},"32":{"start":{"line":75,"column":15},"end":{"line":75,"column":38}},"33":{"start":{"line":76,"column":23},"end":{"line":76,"column":46}},"34":{"start":{"line":77,"column":18},"end":{"line":77,"column":57}},"35":{"start":{"line":78,"column":19},"end":{"line":78,"column":85}},"36":{"start":{"line":79,"column":4},"end":{"line":84,"column":6}},"37":{"start":{"line":86,"column":0},"end":{"line":86,"column":32}},"38":{"start":{"line":88,"column":17},"end":{"line":107,"column":2}},"39":{"start":{"line":88,"column":26},"end":{"line":107,"column":2}},"40":{"start":{"line":89,"column":19},"end":{"line":89,"column":29}},"41":{"start":{"line":90,"column":15},"end":{"line":90,"column":38}},"42":{"start":{"line":91,"column":16},"end":{"line":91,"column":20}},"43":{"start":{"line":92,"column":4},"end":{"line":97,"column":5}},"44":{"start":{"line":93,"column":8},"end":{"line":93,"column":91}},"45":{"start":{"line":96,"column":8},"end":{"line":96,"column":43}},"46":{"start":{"line":98,"column":4},"end":{"line":99,"column":42}},"47":{"start":{"line":99,"column":8},"end":{"line":99,"column":42}},"48":{"start":{"line":101,"column":4},"end":{"line":106,"column":5}},"49":{"start":{"line":102,"column":8},"end":{"line":102,"column":90}},"50":{"start":{"line":105,"column":8},"end":{"line":105,"column":25}},"51":{"start":{"line":108,"column":0},"end":{"line":108,"column":28}},"52":{"start":{"line":110,"column":20},"end":{"line":117,"column":2}},"53":{"start":{"line":110,"column":29},"end":{"line":117,"column":2}},"54":{"start":{"line":111,"column":17},"end":{"line":111,"column":33}},"55":{"start":{"line":112,"column":15},"end":{"line":112,"column":38}},"56":{"start":{"line":114,"column":19},"end":{"line":114,"column":64}},"57":{"start":{"line":115,"column":4},"end":{"line":115,"column":21}},"58":{"start":{"line":116,"column":4},"end":{"line":116,"column":41}},"59":{"start":{"line":118,"column":0},"end":{"line":118,"column":34}},"60":{"start":{"line":120,"column":20},"end":{"line":127,"column":2}},"61":{"start":{"line":120,"column":29},"end":{"line":127,"column":2}},"62":{"start":{"line":121,"column":19},"end":{"line":121,"column":29}},"63":{"start":{"line":122,"column":15},"end":{"line":122,"column":38}},"64":{"start":{"line":123,"column":4},"end":{"line":125,"column":84}},"65":{"start":{"line":126,"column":4},"end":{"line":126,"column":33}},"66":{"start":{"line":128,"column":0},"end":{"line":128,"column":34}},"67":{"start":{"line":130,"column":20},"end":{"line":135,"column":2}},"68":{"start":{"line":130,"column":29},"end":{"line":135,"column":2}},"69":{"start":{"line":131,"column":19},"end":{"line":131,"column":29}},"70":{"start":{"line":132,"column":15},"end":{"line":132,"column":38}},"71":{"start":{"line":133,"column":4},"end":{"line":133,"column":81}},"72":{"start":{"line":134,"column":4},"end":{"line":134,"column":21}},"73":{"start":{"line":136,"column":0},"end":{"line":136,"column":34}}},"fnMap":{"0":{"name":"(anonymous_0)","decl":{"start":{"line":2,"column":44},"end":{"line":2,"column":45}},"loc":{"start":{"line":2,"column":89},"end":{"line":10,"column":1}},"line":2},"1":{"name":"adopt","decl":{"start":{"line":3,"column":13},"end":{"line":3,"column":18}},"loc":{"start":{"line":3,"column":26},"end":{"line":3,"column":112}},"line":3},"2":{"name":"(anonymous_2)","decl":{"start":{"line":3,"column":70},"end":{"line":3,"column":71}},"loc":{"start":{"line":3,"column":89},"end":{"line":3,"column":108}},"line":3},"3":{"name":"(anonymous_3)","decl":{"start":{"line":4,"column":36},"end":{"line":4,"column":37}},"loc":{"start":{"line":4,"column":63},"end":{"line":9,"column":5}},"line":4},"4":{"name":"fulfilled","decl":{"start":{"line":5,"column":17},"end":{"line":5,"column":26}},"loc":{"start":{"line":5,"column":34},"end":{"line":5,"column":99}},"line":5},"5":{"name":"rejected","decl":{"start":{"line":6,"column":17},"end":{"line":6,"column":25}},"loc":{"start":{"line":6,"column":33},"end":{"line":6,"column":102}},"line":6},"6":{"name":"step","decl":{"start":{"line":7,"column":17},"end":{"line":7,"column":21}},"loc":{"start":{"line":7,"column":30},"end":{"line":7,"column":118}},"line":7},"7":{"name":"(anonymous_7)","decl":{"start":{"line":59,"column":19},"end":{"line":59,"column":20}},"loc":{"start":{"line":59,"column":28},"end":{"line":85,"column":2}},"line":59},"8":{"name":"(anonymous_8)","decl":{"start":{"line":59,"column":62},"end":{"line":59,"column":63}},"loc":{"start":{"line":59,"column":75},"end":{"line":85,"column":1}},"line":59},"9":{"name":"(anonymous_9)","decl":{"start":{"line":88,"column":17},"end":{"line":88,"column":18}},"loc":{"start":{"line":88,"column":26},"end":{"line":107,"column":2}},"line":88},"10":{"name":"(anonymous_10)","decl":{"start":{"line":88,"column":60},"end":{"line":88,"column":61}},"loc":{"start":{"line":88,"column":73},"end":{"line":107,"column":1}},"line":88},"11":{"name":"(anonymous_11)","decl":{"start":{"line":110,"column":20},"end":{"line":110,"column":21}},"loc":{"start":{"line":110,"column":29},"end":{"line":117,"column":2}},"line":110},"12":{"name":"(anonymous_12)","decl":{"start":{"line":110,"column":63},"end":{"line":110,"column":64}},"loc":{"start":{"line":110,"column":76},"end":{"line":117,"column":1}},"line":110},"13":{"name":"(anonymous_13)","decl":{"start":{"line":120,"column":20},"end":{"line":120,"column":21}},"loc":{"start":{"line":120,"column":29},"end":{"line":127,"column":2}},"line":120},"14":{"name":"(anonymous_14)","decl":{"start":{"line":120,"column":63},"end":{"line":120,"column":64}},"loc":{"start":{"line":120,"column":76},"end":{"line":127,"column":1}},"line":120},"15":{"name":"(anonymous_15)","decl":{"start":{"line":130,"column":20},"end":{"line":130,"column":21}},"loc":{"start":{"line":130,"column":29},"end":{"line":135,"column":2}},"line":130},"16":{"name":"(anonymous_16)","decl":{"start":{"line":130,"column":63},"end":{"line":130,"column":64}},"loc":{"start":{"line":130,"column":76},"end":{"line":135,"column":1}},"line":130}},"branchMap":{"0":{"loc":{"start":{"line":2,"column":16},"end":{"line":10,"column":1}},"type":"binary-expr","locations":[{"start":{"line":2,"column":17},"end":{"line":2,"column":21}},{"start":{"line":2,"column":25},"end":{"line":2,"column":39}},{"start":{"line":2,"column":44},"end":{"line":10,"column":1}}],"line":2},"1":{"loc":{"start":{"line":3,"column":35},"end":{"line":3,"column":109}},"type":"cond-expr","locations":[{"start":{"line":3,"column":56},"end":{"line":3,"column":61}},{"start":{"line":3,"column":64},"end":{"line":3,"column":109}}],"line":3},"2":{"loc":{"start":{"line":4,"column":16},"end":{"line":4,"column":34}},"type":"binary-expr","locations":[{"start":{"line":4,"column":16},"end":{"line":4,"column":17}},{"start":{"line":4,"column":22},"end":{"line":4,"column":33}}],"line":4},"3":{"loc":{"start":{"line":7,"column":32},"end":{"line":7,"column":115}},"type":"cond-expr","locations":[{"start":{"line":7,"column":46},"end":{"line":7,"column":67}},{"start":{"line":7,"column":70},"end":{"line":7,"column":115}}],"line":7},"4":{"loc":{"start":{"line":8,"column":51},"end":{"line":8,"column":67}},"type":"binary-expr","locations":[{"start":{"line":8,"column":51},"end":{"line":8,"column":61}},{"start":{"line":8,"column":65},"end":{"line":8,"column":67}}],"line":8},"5":{"loc":{"start":{"line":63,"column":4},"end":{"line":64,"column":35}},"type":"if","locations":[{"start":{"line":63,"column":4},"end":{"line":64,"column":35}},{"start":{},"end":{}}],"line":63},"6":{"loc":{"start":{"line":65,"column":4},"end":{"line":66,"column":35}},"type":"if","locations":[{"start":{"line":65,"column":4},"end":{"line":66,"column":35}},{"start":{},"end":{}}],"line":65},"7":{"loc":{"start":{"line":68,"column":19},"end":{"line":68,"column":38}},"type":"binary-expr","locations":[{"start":{"line":68,"column":19},"end":{"line":68,"column":32}},{"start":{"line":68,"column":36},"end":{"line":68,"column":38}}],"line":68},"8":{"loc":{"start":{"line":69,"column":18},"end":{"line":69,"column":35}},"type":"binary-expr","locations":[{"start":{"line":69,"column":18},"end":{"line":69,"column":30}},{"start":{"line":69,"column":34},"end":{"line":69,"column":35}}],"line":69},"9":{"loc":{"start":{"line":70,"column":4},"end":{"line":71,"column":22}},"type":"if","locations":[{"start":{"line":70,"column":4},"end":{"line":71,"column":22}},{"start":{},"end":{}}],"line":70},"10":{"loc":{"start":{"line":70,"column":8},"end":{"line":70,"column":38}},"type":"binary-expr","locations":[{"start":{"line":70,"column":8},"end":{"line":70,"column":20}},{"start":{"line":70,"column":24},"end":{"line":70,"column":38}}],"line":70},"11":{"loc":{"start":{"line":72,"column":4},"end":{"line":73,"column":20}},"type":"if","locations":[{"start":{"line":72,"column":4},"end":{"line":73,"column":20}},{"start":{},"end":{}}],"line":72},"12":{"loc":{"start":{"line":98,"column":4},"end":{"line":99,"column":42}},"type":"if","locations":[{"start":{"line":98,"column":4},"end":{"line":99,"column":42}},{"start":{},"end":{}}],"line":98},"13":{"loc":{"start":{"line":101,"column":4},"end":{"line":106,"column":5}},"type":"if","locations":[{"start":{"line":101,"column":4},"end":{"line":106,"column":5}},{"start":{"line":104,"column":9},"end":{"line":106,"column":5}}],"line":101},"14":{"loc":{"start":{"line":101,"column":8},"end":{"line":101,"column":59}},"type":"binary-expr","locations":[{"start":{"line":101,"column":8},"end":{"line":101,"column":13}},{"start":{"line":101,"column":17},"end":{"line":101,"column":26}},{"start":{"line":101,"column":30},"end":{"line":101,"column":59}}],"line":101}},"s":{"0":1,"1":0,"2":0,"3":0,"4":0,"5":0,"6":0,"7":0,"8":0,"9":0,"10":0,"11":0,"12":1,"13":1,"14":1,"15":1,"16":1,"17":0,"18":0,"19":0,"20":0,"21":0,"22":0,"23":0,"24":0,"25":0,"26":0,"27":0,"28":0,"29":0,"30":0,"31":0,"32":0,"33":0,"34":0,"35":0,"36":0,"37":1,"38":1,"39":0,"40":0,"41":0,"42":0,"43":0,"44":0,"45":0,"46":0,"47":0,"48":0,"49":0,"50":0,"51":1,"52":1,"53":0,"54":0,"55":0,"56":0,"57":0,"58":0,"59":1,"60":1,"61":0,"62":0,"63":0,"64":0,"65":0,"66":1,"67":1,"68":0,"69":0,"70":0,"71":0,"72":0,"73":1},"f":{"0":0,"1":0,"2":0,"3":0,"4":0,"5":0,"6":0,"7":0,"8":0,"9":0,"10":0,"11":0,"12":0,"13":0,"14":0,"15":0,"16":0},"b":{"0":[1,1,1],"1":[0,0],"2":[0,0],"3":[0,0],"4":[0,0],"5":[0,0],"6":[0,0],"7":[0,0],"8":[0,0],"9":[0,0],"10":[0,0],"11":[0,0],"12":[0,0],"13":[0,0],"14":[0,0,0]},"inputSourceMap":null,"_coverageSchema":"1a1c01bbd47fc00a2c39e90264f33305004495a9","hash":"ed72647db83bd8da79e144a218eaf46a4fc20601"}
,"/home/yvonlcy/Code/hkiitweb3/api-final-project/wanderlust-api/dist/src/controllers/member.js": {"path":"/home/yvonlcy/Code/hkiitweb3/api-final-project/wanderlust-api/dist/src/controllers/member.js","statementMap":{"0":{"start":{"line":2,"column":16},"end":{"line":10,"column":1}},"1":{"start":{"line":3,"column":28},"end":{"line":3,"column":110}},"2":{"start":{"line":3,"column":91},"end":{"line":3,"column":106}},"3":{"start":{"line":4,"column":4},"end":{"line":9,"column":7}},"4":{"start":{"line":5,"column":36},"end":{"line":5,"column":97}},"5":{"start":{"line":5,"column":42},"end":{"line":5,"column":70}},"6":{"start":{"line":5,"column":85},"end":{"line":5,"column":95}},"7":{"start":{"line":6,"column":35},"end":{"line":6,"column":100}},"8":{"start":{"line":6,"column":41},"end":{"line":6,"column":73}},"9":{"start":{"line":6,"column":88},"end":{"line":6,"column":98}},"10":{"start":{"line":7,"column":32},"end":{"line":7,"column":116}},"11":{"start":{"line":8,"column":8},"end":{"line":8,"column":78}},"12":{"start":{"line":11,"column":22},"end":{"line":13,"column":1}},"13":{"start":{"line":12,"column":4},"end":{"line":12,"column":62}},"14":{"start":{"line":14,"column":0},"end":{"line":14,"column":62}},"15":{"start":{"line":15,"column":0},"end":{"line":15,"column":40}},"16":{"start":{"line":16,"column":0},"end":{"line":16,"column":34}},"17":{"start":{"line":17,"column":0},"end":{"line":17,"column":34}},"18":{"start":{"line":18,"column":0},"end":{"line":18,"column":36}},"19":{"start":{"line":19,"column":0},"end":{"line":19,"column":40}},"20":{"start":{"line":20,"column":0},"end":{"line":20,"column":42}},"21":{"start":{"line":21,"column":13},"end":{"line":21,"column":38}},"22":{"start":{"line":22,"column":23},"end":{"line":22,"column":63}},"23":{"start":{"line":23,"column":14},"end":{"line":23,"column":38}},"24":{"start":{"line":24,"column":18},"end":{"line":24,"column":36}},"25":{"start":{"line":25,"column":17},"end":{"line":25,"column":51}},"26":{"start":{"line":26,"column":15},"end":{"line":26,"column":47}},"27":{"start":{"line":28,"column":4},"end":{"line":52,"column":7}},"28":{"start":{"line":29,"column":46},"end":{"line":29,"column":62}},"29":{"start":{"line":30,"column":8},"end":{"line":35,"column":9}},"30":{"start":{"line":31,"column":12},"end":{"line":31,"column":29}},"31":{"start":{"line":32,"column":12},"end":{"line":32,"column":45}},"32":{"start":{"line":33,"column":12},"end":{"line":33,"column":62}},"33":{"start":{"line":34,"column":12},"end":{"line":34,"column":19}},"34":{"start":{"line":36,"column":19},"end":{"line":36,"column":42}},"35":{"start":{"line":37,"column":23},"end":{"line":37,"column":73}},"36":{"start":{"line":38,"column":8},"end":{"line":43,"column":9}},"37":{"start":{"line":39,"column":12},"end":{"line":39,"column":29}},"38":{"start":{"line":40,"column":12},"end":{"line":40,"column":45}},"39":{"start":{"line":41,"column":12},"end":{"line":41,"column":62}},"40":{"start":{"line":42,"column":12},"end":{"line":42,"column":19}},"41":{"start":{"line":44,"column":21},"end":{"line":44,"column":62}},"42":{"start":{"line":46,"column":21},"end":{"line":46,"column":72}},"43":{"start":{"line":47,"column":23},"end":{"line":47,"column":67}},"44":{"start":{"line":48,"column":8},"end":{"line":48,"column":25}},"45":{"start":{"line":49,"column":8},"end":{"line":49,"column":41}},"46":{"start":{"line":50,"column":8},"end":{"line":50,"column":75}},"47":{"start":{"line":51,"column":8},"end":{"line":51,"column":15}},"48":{"start":{"line":55,"column":4},"end":{"line":80,"column":7}},"49":{"start":{"line":56,"column":39},"end":{"line":56,"column":55}},"50":{"start":{"line":57,"column":19},"end":{"line":57,"column":42}},"51":{"start":{"line":58,"column":21},"end":{"line":58,"column":87}},"52":{"start":{"line":59,"column":8},"end":{"line":63,"column":9}},"53":{"start":{"line":60,"column":12},"end":{"line":60,"column":29}},"54":{"start":{"line":61,"column":12},"end":{"line":61,"column":67}},"55":{"start":{"line":62,"column":12},"end":{"line":62,"column":19}},"56":{"start":{"line":64,"column":22},"end":{"line":64,"column":77}},"57":{"start":{"line":65,"column":8},"end":{"line":69,"column":9}},"58":{"start":{"line":66,"column":12},"end":{"line":66,"column":29}},"59":{"start":{"line":67,"column":12},"end":{"line":67,"column":67}},"60":{"start":{"line":68,"column":12},"end":{"line":68,"column":19}},"61":{"start":{"line":71,"column":23},"end":{"line":71,"column":124}},"62":{"start":{"line":72,"column":24},"end":{"line":72,"column":126}},"63":{"start":{"line":73,"column":8},"end":{"line":73,"column":25}},"64":{"start":{"line":74,"column":8},"end":{"line":74,"column":41}},"65":{"start":{"line":75,"column":8},"end":{"line":78,"column":10}},"66":{"start":{"line":79,"column":8},"end":{"line":79,"column":15}},"67":{"start":{"line":83,"column":4},"end":{"line":96,"column":7}},"68":{"start":{"line":85,"column":21},"end":{"line":85,"column":37}},"69":{"start":{"line":86,"column":8},"end":{"line":88,"column":9}},"70":{"start":{"line":87,"column":12},"end":{"line":87,"column":47}},"71":{"start":{"line":89,"column":8},"end":{"line":95,"column":10}},"72":{"start":{"line":99,"column":4},"end":{"line":111,"column":7}},"73":{"start":{"line":100,"column":25},"end":{"line":100,"column":38}},"74":{"start":{"line":101,"column":28},"end":{"line":101,"column":44}},"75":{"start":{"line":102,"column":8},"end":{"line":103,"column":46}},"76":{"start":{"line":103,"column":12},"end":{"line":103,"column":46}},"77":{"start":{"line":104,"column":19},"end":{"line":104,"column":42}},"78":{"start":{"line":105,"column":23},"end":{"line":107,"column":46}},"79":{"start":{"line":108,"column":8},"end":{"line":109,"column":47}},"80":{"start":{"line":109,"column":12},"end":{"line":109,"column":47}},"81":{"start":{"line":110,"column":8},"end":{"line":110,"column":54}},"82":{"start":{"line":114,"column":4},"end":{"line":123,"column":7}},"83":{"start":{"line":115,"column":25},"end":{"line":115,"column":38}},"84":{"start":{"line":116,"column":19},"end":{"line":116,"column":42}},"85":{"start":{"line":117,"column":21},"end":{"line":117,"column":116}},"86":{"start":{"line":118,"column":8},"end":{"line":121,"column":9}},"87":{"start":{"line":119,"column":12},"end":{"line":119,"column":47}},"88":{"start":{"line":120,"column":12},"end":{"line":120,"column":19}},"89":{"start":{"line":122,"column":8},"end":{"line":122,"column":55}},"90":{"start":{"line":126,"column":4},"end":{"line":136,"column":7}},"91":{"start":{"line":127,"column":25},"end":{"line":127,"column":38}},"92":{"start":{"line":128,"column":24},"end":{"line":128,"column":42}},"93":{"start":{"line":129,"column":19},"end":{"line":129,"column":42}},"94":{"start":{"line":130,"column":23},"end":{"line":132,"column":51}},"95":{"start":{"line":133,"column":8},"end":{"line":134,"column":70}},"96":{"start":{"line":134,"column":12},"end":{"line":134,"column":70}},"97":{"start":{"line":135,"column":8},"end":{"line":135,"column":58}}},"fnMap":{"0":{"name":"(anonymous_0)","decl":{"start":{"line":2,"column":44},"end":{"line":2,"column":45}},"loc":{"start":{"line":2,"column":89},"end":{"line":10,"column":1}},"line":2},"1":{"name":"adopt","decl":{"start":{"line":3,"column":13},"end":{"line":3,"column":18}},"loc":{"start":{"line":3,"column":26},"end":{"line":3,"column":112}},"line":3},"2":{"name":"(anonymous_2)","decl":{"start":{"line":3,"column":70},"end":{"line":3,"column":71}},"loc":{"start":{"line":3,"column":89},"end":{"line":3,"column":108}},"line":3},"3":{"name":"(anonymous_3)","decl":{"start":{"line":4,"column":36},"end":{"line":4,"column":37}},"loc":{"start":{"line":4,"column":63},"end":{"line":9,"column":5}},"line":4},"4":{"name":"fulfilled","decl":{"start":{"line":5,"column":17},"end":{"line":5,"column":26}},"loc":{"start":{"line":5,"column":34},"end":{"line":5,"column":99}},"line":5},"5":{"name":"rejected","decl":{"start":{"line":6,"column":17},"end":{"line":6,"column":25}},"loc":{"start":{"line":6,"column":33},"end":{"line":6,"column":102}},"line":6},"6":{"name":"step","decl":{"start":{"line":7,"column":17},"end":{"line":7,"column":21}},"loc":{"start":{"line":7,"column":30},"end":{"line":7,"column":118}},"line":7},"7":{"name":"(anonymous_7)","decl":{"start":{"line":11,"column":56},"end":{"line":11,"column":57}},"loc":{"start":{"line":11,"column":71},"end":{"line":13,"column":1}},"line":11},"8":{"name":"registerMember","decl":{"start":{"line":27,"column":9},"end":{"line":27,"column":23}},"loc":{"start":{"line":27,"column":29},"end":{"line":53,"column":1}},"line":27},"9":{"name":"(anonymous_9)","decl":{"start":{"line":28,"column":43},"end":{"line":28,"column":44}},"loc":{"start":{"line":28,"column":56},"end":{"line":52,"column":5}},"line":28},"10":{"name":"loginMember","decl":{"start":{"line":54,"column":9},"end":{"line":54,"column":20}},"loc":{"start":{"line":54,"column":26},"end":{"line":81,"column":1}},"line":54},"11":{"name":"(anonymous_11)","decl":{"start":{"line":55,"column":43},"end":{"line":55,"column":44}},"loc":{"start":{"line":55,"column":56},"end":{"line":80,"column":5}},"line":55},"12":{"name":"uploadPhoto","decl":{"start":{"line":82,"column":9},"end":{"line":82,"column":20}},"loc":{"start":{"line":82,"column":26},"end":{"line":97,"column":1}},"line":82},"13":{"name":"(anonymous_13)","decl":{"start":{"line":83,"column":43},"end":{"line":83,"column":44}},"loc":{"start":{"line":83,"column":56},"end":{"line":96,"column":5}},"line":83},"14":{"name":"addFavourite","decl":{"start":{"line":98,"column":9},"end":{"line":98,"column":21}},"loc":{"start":{"line":98,"column":27},"end":{"line":112,"column":1}},"line":98},"15":{"name":"(anonymous_15)","decl":{"start":{"line":99,"column":43},"end":{"line":99,"column":44}},"loc":{"start":{"line":99,"column":56},"end":{"line":111,"column":5}},"line":99},"16":{"name":"listFavourites","decl":{"start":{"line":113,"column":9},"end":{"line":113,"column":23}},"loc":{"start":{"line":113,"column":29},"end":{"line":124,"column":1}},"line":113},"17":{"name":"(anonymous_17)","decl":{"start":{"line":114,"column":43},"end":{"line":114,"column":44}},"loc":{"start":{"line":114,"column":56},"end":{"line":123,"column":5}},"line":114},"18":{"name":"removeFavourite","decl":{"start":{"line":125,"column":9},"end":{"line":125,"column":24}},"loc":{"start":{"line":125,"column":30},"end":{"line":137,"column":1}},"line":125},"19":{"name":"(anonymous_19)","decl":{"start":{"line":126,"column":43},"end":{"line":126,"column":44}},"loc":{"start":{"line":126,"column":56},"end":{"line":136,"column":5}},"line":126}},"branchMap":{"0":{"loc":{"start":{"line":2,"column":16},"end":{"line":10,"column":1}},"type":"binary-expr","locations":[{"start":{"line":2,"column":17},"end":{"line":2,"column":21}},{"start":{"line":2,"column":25},"end":{"line":2,"column":39}},{"start":{"line":2,"column":44},"end":{"line":10,"column":1}}],"line":2},"1":{"loc":{"start":{"line":3,"column":35},"end":{"line":3,"column":109}},"type":"cond-expr","locations":[{"start":{"line":3,"column":56},"end":{"line":3,"column":61}},{"start":{"line":3,"column":64},"end":{"line":3,"column":109}}],"line":3},"2":{"loc":{"start":{"line":4,"column":16},"end":{"line":4,"column":34}},"type":"binary-expr","locations":[{"start":{"line":4,"column":16},"end":{"line":4,"column":17}},{"start":{"line":4,"column":22},"end":{"line":4,"column":33}}],"line":4},"3":{"loc":{"start":{"line":7,"column":32},"end":{"line":7,"column":115}},"type":"cond-expr","locations":[{"start":{"line":7,"column":46},"end":{"line":7,"column":67}},{"start":{"line":7,"column":70},"end":{"line":7,"column":115}}],"line":7},"4":{"loc":{"start":{"line":8,"column":51},"end":{"line":8,"column":67}},"type":"binary-expr","locations":[{"start":{"line":8,"column":51},"end":{"line":8,"column":61}},{"start":{"line":8,"column":65},"end":{"line":8,"column":67}}],"line":8},"5":{"loc":{"start":{"line":11,"column":22},"end":{"line":13,"column":1}},"type":"binary-expr","locations":[{"start":{"line":11,"column":23},"end":{"line":11,"column":27}},{"start":{"line":11,"column":31},"end":{"line":11,"column":51}},{"start":{"line":11,"column":56},"end":{"line":13,"column":1}}],"line":11},"6":{"loc":{"start":{"line":12,"column":11},"end":{"line":12,"column":61}},"type":"cond-expr","locations":[{"start":{"line":12,"column":37},"end":{"line":12,"column":40}},{"start":{"line":12,"column":43},"end":{"line":12,"column":61}}],"line":12},"7":{"loc":{"start":{"line":12,"column":12},"end":{"line":12,"column":33}},"type":"binary-expr","locations":[{"start":{"line":12,"column":12},"end":{"line":12,"column":15}},{"start":{"line":12,"column":19},"end":{"line":12,"column":33}}],"line":12},"8":{"loc":{"start":{"line":30,"column":8},"end":{"line":35,"column":9}},"type":"if","locations":[{"start":{"line":30,"column":8},"end":{"line":35,"column":9}},{"start":{},"end":{}}],"line":30},"9":{"loc":{"start":{"line":30,"column":12},"end":{"line":30,"column":44}},"type":"binary-expr","locations":[{"start":{"line":30,"column":12},"end":{"line":30,"column":21}},{"start":{"line":30,"column":25},"end":{"line":30,"column":34}},{"start":{"line":30,"column":38},"end":{"line":30,"column":44}}],"line":30},"10":{"loc":{"start":{"line":38,"column":8},"end":{"line":43,"column":9}},"type":"if","locations":[{"start":{"line":38,"column":8},"end":{"line":43,"column":9}},{"start":{},"end":{}}],"line":38},"11":{"loc":{"start":{"line":59,"column":8},"end":{"line":63,"column":9}},"type":"if","locations":[{"start":{"line":59,"column":8},"end":{"line":63,"column":9}},{"start":{},"end":{}}],"line":59},"12":{"loc":{"start":{"line":65,"column":8},"end":{"line":69,"column":9}},"type":"if","locations":[{"start":{"line":65,"column":8},"end":{"line":69,"column":9}},{"start":{},"end":{}}],"line":65},"13":{"loc":{"start":{"line":86,"column":8},"end":{"line":88,"column":9}},"type":"if","locations":[{"start":{"line":86,"column":8},"end":{"line":88,"column":9}},{"start":{},"end":{}}],"line":86},"14":{"loc":{"start":{"line":102,"column":8},"end":{"line":103,"column":46}},"type":"if","locations":[{"start":{"line":102,"column":8},"end":{"line":103,"column":46}},{"start":{},"end":{}}],"line":102},"15":{"loc":{"start":{"line":108,"column":8},"end":{"line":109,"column":47}},"type":"if","locations":[{"start":{"line":108,"column":8},"end":{"line":109,"column":47}},{"start":{},"end":{}}],"line":108},"16":{"loc":{"start":{"line":118,"column":8},"end":{"line":121,"column":9}},"type":"if","locations":[{"start":{"line":118,"column":8},"end":{"line":121,"column":9}},{"start":{},"end":{}}],"line":118},"17":{"loc":{"start":{"line":122,"column":32},"end":{"line":122,"column":52}},"type":"binary-expr","locations":[{"start":{"line":122,"column":32},"end":{"line":122,"column":46}},{"start":{"line":122,"column":50},"end":{"line":122,"column":52}}],"line":122},"18":{"loc":{"start":{"line":133,"column":8},"end":{"line":134,"column":70}},"type":"if","locations":[{"start":{"line":133,"column":8},"end":{"line":134,"column":70}},{"start":{},"end":{}}],"line":133}},"s":{"0":1,"1":19,"2":0,"3":7,"4":19,"5":19,"6":0,"7":0,"8":0,"9":0,"10":26,"11":7,"12":1,"13":3,"14":1,"15":1,"16":1,"17":1,"18":1,"19":1,"20":1,"21":1,"22":1,"23":1,"24":1,"25":1,"26":1,"27":4,"28":4,"29":4,"30":0,"31":0,"32":0,"33":0,"34":4,"35":4,"36":4,"37":3,"38":3,"39":3,"40":3,"41":1,"42":1,"43":1,"44":1,"45":1,"46":1,"47":1,"48":3,"49":3,"50":3,"51":3,"52":3,"53":0,"54":0,"55":0,"56":3,"57":3,"58":1,"59":1,"60":1,"61":2,"62":2,"63":2,"64":2,"65":2,"66":2,"67":0,"68":0,"69":0,"70":0,"71":0,"72":0,"73":0,"74":0,"75":0,"76":0,"77":0,"78":0,"79":0,"80":0,"81":0,"82":0,"83":0,"84":0,"85":0,"86":0,"87":0,"88":0,"89":0,"90":0,"91":0,"92":0,"93":0,"94":0,"95":0,"96":0,"97":0},"f":{"0":7,"1":19,"2":0,"3":7,"4":19,"5":0,"6":26,"7":3,"8":4,"9":4,"10":3,"11":3,"12":0,"13":0,"14":0,"15":0,"16":0,"17":0,"18":0,"19":0},"b":{"0":[1,1,1],"1":[19,0],"2":[7,7],"3":[7,19],"4":[7,7],"5":[1,1,1],"6":[0,3],"7":[3,3],"8":[0,4],"9":[4,4,4],"10":[3,1],"11":[0,3],"12":[1,2],"13":[0,0],"14":[0,0],"15":[0,0],"16":[0,0],"17":[0,0],"18":[0,0]},"inputSourceMap":null,"_coverageSchema":"1a1c01bbd47fc00a2c39e90264f33305004495a9","hash":"3da4a6e57f9e458434dc2010ce50c9b28b46ebc6"}
,"/home/yvonlcy/Code/hkiitweb3/api-final-project/wanderlust-api/dist/src/controllers/message.js": {"path":"/home/yvonlcy/Code/hkiitweb3/api-final-project/wanderlust-api/dist/src/controllers/message.js","statementMap":{"0":{"start":{"line":2,"column":16},"end":{"line":10,"column":1}},"1":{"start":{"line":3,"column":28},"end":{"line":3,"column":110}},"2":{"start":{"line":3,"column":91},"end":{"line":3,"column":106}},"3":{"start":{"line":4,"column":4},"end":{"line":9,"column":7}},"4":{"start":{"line":5,"column":36},"end":{"line":5,"column":97}},"5":{"start":{"line":5,"column":42},"end":{"line":5,"column":70}},"6":{"start":{"line":5,"column":85},"end":{"line":5,"column":95}},"7":{"start":{"line":6,"column":35},"end":{"line":6,"column":100}},"8":{"start":{"line":6,"column":41},"end":{"line":6,"column":73}},"9":{"start":{"line":6,"column":88},"end":{"line":6,"column":98}},"10":{"start":{"line":7,"column":32},"end":{"line":7,"column":116}},"11":{"start":{"line":8,"column":8},"end":{"line":8,"column":78}},"12":{"start":{"line":11,"column":0},"end":{"line":11,"column":62}},"13":{"start":{"line":12,"column":0},"end":{"line":12,"column":34}},"14":{"start":{"line":13,"column":0},"end":{"line":13,"column":36}},"15":{"start":{"line":14,"column":0},"end":{"line":14,"column":36}},"16":{"start":{"line":15,"column":0},"end":{"line":15,"column":38}},"17":{"start":{"line":16,"column":13},"end":{"line":16,"column":38}},"18":{"start":{"line":17,"column":18},"end":{"line":17,"column":36}},"19":{"start":{"line":19,"column":4},"end":{"line":34,"column":7}},"20":{"start":{"line":20,"column":42},"end":{"line":20,"column":58}},"21":{"start":{"line":21,"column":8},"end":{"line":22,"column":45}},"22":{"start":{"line":22,"column":12},"end":{"line":22,"column":45}},"23":{"start":{"line":23,"column":19},"end":{"line":23,"column":42}},"24":{"start":{"line":24,"column":24},"end":{"line":30,"column":9}},"25":{"start":{"line":31,"column":23},"end":{"line":31,"column":73}},"26":{"start":{"line":32,"column":8},"end":{"line":32,"column":25}},"27":{"start":{"line":33,"column":8},"end":{"line":33,"column":70}},"28":{"start":{"line":37,"column":4},"end":{"line":51,"column":7}},"29":{"start":{"line":38,"column":26},"end":{"line":38,"column":39}},"30":{"start":{"line":39,"column":36},"end":{"line":39,"column":52}},"31":{"start":{"line":40,"column":8},"end":{"line":41,"column":45}},"32":{"start":{"line":41,"column":12},"end":{"line":41,"column":45}},"33":{"start":{"line":42,"column":19},"end":{"line":42,"column":42}},"34":{"start":{"line":43,"column":22},"end":{"line":43,"column":76}},"35":{"start":{"line":45,"column":23},"end":{"line":47,"column":51}},"36":{"start":{"line":48,"column":8},"end":{"line":49,"column":48}},"37":{"start":{"line":49,"column":12},"end":{"line":49,"column":48}},"38":{"start":{"line":50,"column":8},"end":{"line":50,"column":45}},"39":{"start":{"line":54,"column":4},"end":{"line":105,"column":7}},"40":{"start":{"line":55,"column":23},"end":{"line":55,"column":39}},"41":{"start":{"line":56,"column":8},"end":{"line":57,"column":45}},"42":{"start":{"line":57,"column":12},"end":{"line":57,"column":45}},"43":{"start":{"line":58,"column":19},"end":{"line":58,"column":42}},"44":{"start":{"line":59,"column":25},"end":{"line":103,"column":22}},"45":{"start":{"line":104,"column":8},"end":{"line":104,"column":32}},"46":{"start":{"line":108,"column":4},"end":{"line":115,"column":7}},"47":{"start":{"line":109,"column":26},"end":{"line":109,"column":39}},"48":{"start":{"line":110,"column":19},"end":{"line":110,"column":42}},"49":{"start":{"line":111,"column":23},"end":{"line":111,"column":108}},"50":{"start":{"line":112,"column":8},"end":{"line":113,"column":48}},"51":{"start":{"line":113,"column":12},"end":{"line":113,"column":48}},"52":{"start":{"line":114,"column":8},"end":{"line":114,"column":50}}},"fnMap":{"0":{"name":"(anonymous_0)","decl":{"start":{"line":2,"column":44},"end":{"line":2,"column":45}},"loc":{"start":{"line":2,"column":89},"end":{"line":10,"column":1}},"line":2},"1":{"name":"adopt","decl":{"start":{"line":3,"column":13},"end":{"line":3,"column":18}},"loc":{"start":{"line":3,"column":26},"end":{"line":3,"column":112}},"line":3},"2":{"name":"(anonymous_2)","decl":{"start":{"line":3,"column":70},"end":{"line":3,"column":71}},"loc":{"start":{"line":3,"column":89},"end":{"line":3,"column":108}},"line":3},"3":{"name":"(anonymous_3)","decl":{"start":{"line":4,"column":36},"end":{"line":4,"column":37}},"loc":{"start":{"line":4,"column":63},"end":{"line":9,"column":5}},"line":4},"4":{"name":"fulfilled","decl":{"start":{"line":5,"column":17},"end":{"line":5,"column":26}},"loc":{"start":{"line":5,"column":34},"end":{"line":5,"column":99}},"line":5},"5":{"name":"rejected","decl":{"start":{"line":6,"column":17},"end":{"line":6,"column":25}},"loc":{"start":{"line":6,"column":33},"end":{"line":6,"column":102}},"line":6},"6":{"name":"step","decl":{"start":{"line":7,"column":17},"end":{"line":7,"column":21}},"loc":{"start":{"line":7,"column":30},"end":{"line":7,"column":118}},"line":7},"7":{"name":"sendMessage","decl":{"start":{"line":18,"column":9},"end":{"line":18,"column":20}},"loc":{"start":{"line":18,"column":26},"end":{"line":35,"column":1}},"line":18},"8":{"name":"(anonymous_8)","decl":{"start":{"line":19,"column":43},"end":{"line":19,"column":44}},"loc":{"start":{"line":19,"column":56},"end":{"line":34,"column":5}},"line":19},"9":{"name":"replyMessage","decl":{"start":{"line":36,"column":9},"end":{"line":36,"column":21}},"loc":{"start":{"line":36,"column":27},"end":{"line":52,"column":1}},"line":36},"10":{"name":"(anonymous_10)","decl":{"start":{"line":37,"column":43},"end":{"line":37,"column":44}},"loc":{"start":{"line":37,"column":56},"end":{"line":51,"column":5}},"line":37},"11":{"name":"listMessages","decl":{"start":{"line":53,"column":9},"end":{"line":53,"column":21}},"loc":{"start":{"line":53,"column":27},"end":{"line":106,"column":1}},"line":53},"12":{"name":"(anonymous_12)","decl":{"start":{"line":54,"column":43},"end":{"line":54,"column":44}},"loc":{"start":{"line":54,"column":56},"end":{"line":105,"column":5}},"line":54},"13":{"name":"deleteMessage","decl":{"start":{"line":107,"column":9},"end":{"line":107,"column":22}},"loc":{"start":{"line":107,"column":28},"end":{"line":116,"column":1}},"line":107},"14":{"name":"(anonymous_14)","decl":{"start":{"line":108,"column":43},"end":{"line":108,"column":44}},"loc":{"start":{"line":108,"column":56},"end":{"line":115,"column":5}},"line":108}},"branchMap":{"0":{"loc":{"start":{"line":2,"column":16},"end":{"line":10,"column":1}},"type":"binary-expr","locations":[{"start":{"line":2,"column":17},"end":{"line":2,"column":21}},{"start":{"line":2,"column":25},"end":{"line":2,"column":39}},{"start":{"line":2,"column":44},"end":{"line":10,"column":1}}],"line":2},"1":{"loc":{"start":{"line":3,"column":35},"end":{"line":3,"column":109}},"type":"cond-expr","locations":[{"start":{"line":3,"column":56},"end":{"line":3,"column":61}},{"start":{"line":3,"column":64},"end":{"line":3,"column":109}}],"line":3},"2":{"loc":{"start":{"line":4,"column":16},"end":{"line":4,"column":34}},"type":"binary-expr","locations":[{"start":{"line":4,"column":16},"end":{"line":4,"column":17}},{"start":{"line":4,"column":22},"end":{"line":4,"column":33}}],"line":4},"3":{"loc":{"start":{"line":7,"column":32},"end":{"line":7,"column":115}},"type":"cond-expr","locations":[{"start":{"line":7,"column":46},"end":{"line":7,"column":67}},{"start":{"line":7,"column":70},"end":{"line":7,"column":115}}],"line":7},"4":{"loc":{"start":{"line":8,"column":51},"end":{"line":8,"column":67}},"type":"binary-expr","locations":[{"start":{"line":8,"column":51},"end":{"line":8,"column":61}},{"start":{"line":8,"column":65},"end":{"line":8,"column":67}}],"line":8},"5":{"loc":{"start":{"line":21,"column":8},"end":{"line":22,"column":45}},"type":"if","locations":[{"start":{"line":21,"column":8},"end":{"line":22,"column":45}},{"start":{},"end":{}}],"line":21},"6":{"loc":{"start":{"line":21,"column":12},"end":{"line":21,"column":40}},"type":"binary-expr","locations":[{"start":{"line":21,"column":12},"end":{"line":21,"column":19}},{"start":{"line":21,"column":23},"end":{"line":21,"column":28}},{"start":{"line":21,"column":32},"end":{"line":21,"column":40}}],"line":21},"7":{"loc":{"start":{"line":40,"column":8},"end":{"line":41,"column":45}},"type":"if","locations":[{"start":{"line":40,"column":8},"end":{"line":41,"column":45}},{"start":{},"end":{}}],"line":40},"8":{"loc":{"start":{"line":40,"column":12},"end":{"line":40,"column":31}},"type":"binary-expr","locations":[{"start":{"line":40,"column":12},"end":{"line":40,"column":19}},{"start":{"line":40,"column":23},"end":{"line":40,"column":31}}],"line":40},"9":{"loc":{"start":{"line":48,"column":8},"end":{"line":49,"column":48}},"type":"if","locations":[{"start":{"line":48,"column":8},"end":{"line":49,"column":48}},{"start":{},"end":{}}],"line":48},"10":{"loc":{"start":{"line":56,"column":8},"end":{"line":57,"column":45}},"type":"if","locations":[{"start":{"line":56,"column":8},"end":{"line":57,"column":45}},{"start":{},"end":{}}],"line":56},"11":{"loc":{"start":{"line":112,"column":8},"end":{"line":113,"column":48}},"type":"if","locations":[{"start":{"line":112,"column":8},"end":{"line":113,"column":48}},{"start":{},"end":{}}],"line":112}},"s":{"0":1,"1":0,"2":0,"3":0,"4":0,"5":0,"6":0,"7":0,"8":0,"9":0,"10":0,"11":0,"12":1,"13":1,"14":1,"15":1,"16":1,"17":1,"18":1,"19":0,"20":0,"21":0,"22":0,"23":0,"24":0,"25":0,"26":0,"27":0,"28":0,"29":0,"30":0,"31":0,"32":0,"33":0,"34":0,"35":0,"36":0,"37":0,"38":0,"39":0,"40":0,"41":0,"42":0,"43":0,"44":0,"45":0,"46":0,"47":0,"48":0,"49":0,"50":0,"51":0,"52":0},"f":{"0":0,"1":0,"2":0,"3":0,"4":0,"5":0,"6":0,"7":0,"8":0,"9":0,"10":0,"11":0,"12":0,"13":0,"14":0},"b":{"0":[1,1,1],"1":[0,0],"2":[0,0],"3":[0,0],"4":[0,0],"5":[0,0],"6":[0,0,0],"7":[0,0],"8":[0,0],"9":[0,0],"10":[0,0],"11":[0,0]},"inputSourceMap":null,"_coverageSchema":"1a1c01bbd47fc00a2c39e90264f33305004495a9","hash":"366d628c554f2c97cb251a6c99acc64a4e182ba2"}
,"/home/yvonlcy/Code/hkiitweb3/api-final-project/wanderlust-api/dist/src/controllers/operator.js": {"path":"/home/yvonlcy/Code/hkiitweb3/api-final-project/wanderlust-api/dist/src/controllers/operator.js","statementMap":{"0":{"start":{"line":2,"column":16},"end":{"line":10,"column":1}},"1":{"start":{"line":3,"column":28},"end":{"line":3,"column":110}},"2":{"start":{"line":3,"column":91},"end":{"line":3,"column":106}},"3":{"start":{"line":4,"column":4},"end":{"line":9,"column":7}},"4":{"start":{"line":5,"column":36},"end":{"line":5,"column":97}},"5":{"start":{"line":5,"column":42},"end":{"line":5,"column":70}},"6":{"start":{"line":5,"column":85},"end":{"line":5,"column":95}},"7":{"start":{"line":6,"column":35},"end":{"line":6,"column":100}},"8":{"start":{"line":6,"column":41},"end":{"line":6,"column":73}},"9":{"start":{"line":6,"column":88},"end":{"line":6,"column":98}},"10":{"start":{"line":7,"column":32},"end":{"line":7,"column":116}},"11":{"start":{"line":8,"column":8},"end":{"line":8,"column":78}},"12":{"start":{"line":11,"column":22},"end":{"line":13,"column":1}},"13":{"start":{"line":12,"column":4},"end":{"line":12,"column":62}},"14":{"start":{"line":14,"column":0},"end":{"line":14,"column":62}},"15":{"start":{"line":15,"column":0},"end":{"line":15,"column":44}},"16":{"start":{"line":16,"column":0},"end":{"line":16,"column":38}},"17":{"start":{"line":17,"column":13},"end":{"line":17,"column":38}},"18":{"start":{"line":18,"column":23},"end":{"line":18,"column":63}},"19":{"start":{"line":19,"column":14},"end":{"line":19,"column":38}},"20":{"start":{"line":20,"column":17},"end":{"line":20,"column":51}},"21":{"start":{"line":21,"column":14},"end":{"line":21,"column":28}},"22":{"start":{"line":22,"column":31},"end":{"line":27,"column":2}},"23":{"start":{"line":29,"column":4},"end":{"line":53,"column":7}},"24":{"start":{"line":30,"column":28},"end":{"line":30,"column":78}},"25":{"start":{"line":31,"column":8},"end":{"line":34,"column":9}},"26":{"start":{"line":32,"column":12},"end":{"line":32,"column":72}},"27":{"start":{"line":33,"column":12},"end":{"line":33,"column":19}},"28":{"start":{"line":36,"column":54},"end":{"line":36,"column":70}},"29":{"start":{"line":37,"column":19},"end":{"line":37,"column":42}},"30":{"start":{"line":38,"column":23},"end":{"line":38,"column":73}},"31":{"start":{"line":39,"column":8},"end":{"line":40,"column":54}},"32":{"start":{"line":40,"column":12},"end":{"line":40,"column":54}},"33":{"start":{"line":41,"column":21},"end":{"line":41,"column":62}},"34":{"start":{"line":42,"column":21},"end":{"line":49,"column":9}},"35":{"start":{"line":50,"column":23},"end":{"line":50,"column":67}},"36":{"start":{"line":51,"column":8},"end":{"line":51,"column":25}},"37":{"start":{"line":52,"column":8},"end":{"line":52,"column":77}},"38":{"start":{"line":56,"column":4},"end":{"line":73,"column":7}},"39":{"start":{"line":57,"column":39},"end":{"line":57,"column":55}},"40":{"start":{"line":58,"column":19},"end":{"line":58,"column":42}},"41":{"start":{"line":59,"column":21},"end":{"line":59,"column":89}},"42":{"start":{"line":60,"column":8},"end":{"line":63,"column":9}},"43":{"start":{"line":61,"column":12},"end":{"line":61,"column":59}},"44":{"start":{"line":62,"column":12},"end":{"line":62,"column":19}},"45":{"start":{"line":64,"column":22},"end":{"line":64,"column":77}},"46":{"start":{"line":65,"column":8},"end":{"line":68,"column":9}},"47":{"start":{"line":66,"column":12},"end":{"line":66,"column":59}},"48":{"start":{"line":67,"column":12},"end":{"line":67,"column":19}},"49":{"start":{"line":69,"column":22},"end":{"line":71,"column":10}},"50":{"start":{"line":72,"column":8},"end":{"line":72,"column":97}}},"fnMap":{"0":{"name":"(anonymous_0)","decl":{"start":{"line":2,"column":44},"end":{"line":2,"column":45}},"loc":{"start":{"line":2,"column":89},"end":{"line":10,"column":1}},"line":2},"1":{"name":"adopt","decl":{"start":{"line":3,"column":13},"end":{"line":3,"column":18}},"loc":{"start":{"line":3,"column":26},"end":{"line":3,"column":112}},"line":3},"2":{"name":"(anonymous_2)","decl":{"start":{"line":3,"column":70},"end":{"line":3,"column":71}},"loc":{"start":{"line":3,"column":89},"end":{"line":3,"column":108}},"line":3},"3":{"name":"(anonymous_3)","decl":{"start":{"line":4,"column":36},"end":{"line":4,"column":37}},"loc":{"start":{"line":4,"column":63},"end":{"line":9,"column":5}},"line":4},"4":{"name":"fulfilled","decl":{"start":{"line":5,"column":17},"end":{"line":5,"column":26}},"loc":{"start":{"line":5,"column":34},"end":{"line":5,"column":99}},"line":5},"5":{"name":"rejected","decl":{"start":{"line":6,"column":17},"end":{"line":6,"column":25}},"loc":{"start":{"line":6,"column":33},"end":{"line":6,"column":102}},"line":6},"6":{"name":"step","decl":{"start":{"line":7,"column":17},"end":{"line":7,"column":21}},"loc":{"start":{"line":7,"column":30},"end":{"line":7,"column":118}},"line":7},"7":{"name":"(anonymous_7)","decl":{"start":{"line":11,"column":56},"end":{"line":11,"column":57}},"loc":{"start":{"line":11,"column":71},"end":{"line":13,"column":1}},"line":11},"8":{"name":"registerOperator","decl":{"start":{"line":28,"column":9},"end":{"line":28,"column":25}},"loc":{"start":{"line":28,"column":31},"end":{"line":54,"column":1}},"line":28},"9":{"name":"(anonymous_9)","decl":{"start":{"line":29,"column":43},"end":{"line":29,"column":44}},"loc":{"start":{"line":29,"column":56},"end":{"line":53,"column":5}},"line":29},"10":{"name":"loginOperator","decl":{"start":{"line":55,"column":9},"end":{"line":55,"column":22}},"loc":{"start":{"line":55,"column":28},"end":{"line":74,"column":1}},"line":55},"11":{"name":"(anonymous_11)","decl":{"start":{"line":56,"column":43},"end":{"line":56,"column":44}},"loc":{"start":{"line":56,"column":56},"end":{"line":73,"column":5}},"line":56}},"branchMap":{"0":{"loc":{"start":{"line":2,"column":16},"end":{"line":10,"column":1}},"type":"binary-expr","locations":[{"start":{"line":2,"column":17},"end":{"line":2,"column":21}},{"start":{"line":2,"column":25},"end":{"line":2,"column":39}},{"start":{"line":2,"column":44},"end":{"line":10,"column":1}}],"line":2},"1":{"loc":{"start":{"line":3,"column":35},"end":{"line":3,"column":109}},"type":"cond-expr","locations":[{"start":{"line":3,"column":56},"end":{"line":3,"column":61}},{"start":{"line":3,"column":64},"end":{"line":3,"column":109}}],"line":3},"2":{"loc":{"start":{"line":4,"column":16},"end":{"line":4,"column":34}},"type":"binary-expr","locations":[{"start":{"line":4,"column":16},"end":{"line":4,"column":17}},{"start":{"line":4,"column":22},"end":{"line":4,"column":33}}],"line":4},"3":{"loc":{"start":{"line":7,"column":32},"end":{"line":7,"column":115}},"type":"cond-expr","locations":[{"start":{"line":7,"column":46},"end":{"line":7,"column":67}},{"start":{"line":7,"column":70},"end":{"line":7,"column":115}}],"line":7},"4":{"loc":{"start":{"line":8,"column":51},"end":{"line":8,"column":67}},"type":"binary-expr","locations":[{"start":{"line":8,"column":51},"end":{"line":8,"column":61}},{"start":{"line":8,"column":65},"end":{"line":8,"column":67}}],"line":8},"5":{"loc":{"start":{"line":11,"column":22},"end":{"line":13,"column":1}},"type":"binary-expr","locations":[{"start":{"line":11,"column":23},"end":{"line":11,"column":27}},{"start":{"line":11,"column":31},"end":{"line":11,"column":51}},{"start":{"line":11,"column":56},"end":{"line":13,"column":1}}],"line":11},"6":{"loc":{"start":{"line":12,"column":11},"end":{"line":12,"column":61}},"type":"cond-expr","locations":[{"start":{"line":12,"column":37},"end":{"line":12,"column":40}},{"start":{"line":12,"column":43},"end":{"line":12,"column":61}}],"line":12},"7":{"loc":{"start":{"line":12,"column":12},"end":{"line":12,"column":33}},"type":"binary-expr","locations":[{"start":{"line":12,"column":12},"end":{"line":12,"column":15}},{"start":{"line":12,"column":19},"end":{"line":12,"column":33}}],"line":12},"8":{"loc":{"start":{"line":31,"column":8},"end":{"line":34,"column":9}},"type":"if","locations":[{"start":{"line":31,"column":8},"end":{"line":34,"column":9}},{"start":{},"end":{}}],"line":31},"9":{"loc":{"start":{"line":39,"column":8},"end":{"line":40,"column":54}},"type":"if","locations":[{"start":{"line":39,"column":8},"end":{"line":40,"column":54}},{"start":{},"end":{}}],"line":39},"10":{"loc":{"start":{"line":60,"column":8},"end":{"line":63,"column":9}},"type":"if","locations":[{"start":{"line":60,"column":8},"end":{"line":63,"column":9}},{"start":{},"end":{}}],"line":60},"11":{"loc":{"start":{"line":65,"column":8},"end":{"line":68,"column":9}},"type":"if","locations":[{"start":{"line":65,"column":8},"end":{"line":68,"column":9}},{"start":{},"end":{}}],"line":65}},"s":{"0":1,"1":0,"2":0,"3":0,"4":0,"5":0,"6":0,"7":0,"8":0,"9":0,"10":0,"11":0,"12":1,"13":2,"14":1,"15":1,"16":1,"17":1,"18":1,"19":1,"20":1,"21":1,"22":1,"23":0,"24":0,"25":0,"26":0,"27":0,"28":0,"29":0,"30":0,"31":0,"32":0,"33":0,"34":0,"35":0,"36":0,"37":0,"38":0,"39":0,"40":0,"41":0,"42":0,"43":0,"44":0,"45":0,"46":0,"47":0,"48":0,"49":0,"50":0},"f":{"0":0,"1":0,"2":0,"3":0,"4":0,"5":0,"6":0,"7":2,"8":0,"9":0,"10":0,"11":0},"b":{"0":[1,1,1],"1":[0,0],"2":[0,0],"3":[0,0],"4":[0,0],"5":[1,1,1],"6":[0,2],"7":[2,2],"8":[0,0],"9":[0,0],"10":[0,0],"11":[0,0]},"inputSourceMap":null,"_coverageSchema":"1a1c01bbd47fc00a2c39e90264f33305004495a9","hash":"efa717994aec73e594809daf125c5b58e9c862d0"}
,"/home/yvonlcy/Code/hkiitweb3/api-final-project/wanderlust-api/dist/src/controllers/profile.js": {"path":"/home/yvonlcy/Code/hkiitweb3/api-final-project/wanderlust-api/dist/src/controllers/profile.js","statementMap":{"0":{"start":{"line":2,"column":16},"end":{"line":10,"column":1}},"1":{"start":{"line":3,"column":28},"end":{"line":3,"column":110}},"2":{"start":{"line":3,"column":91},"end":{"line":3,"column":106}},"3":{"start":{"line":4,"column":4},"end":{"line":9,"column":7}},"4":{"start":{"line":5,"column":36},"end":{"line":5,"column":97}},"5":{"start":{"line":5,"column":42},"end":{"line":5,"column":70}},"6":{"start":{"line":5,"column":85},"end":{"line":5,"column":95}},"7":{"start":{"line":6,"column":35},"end":{"line":6,"column":100}},"8":{"start":{"line":6,"column":41},"end":{"line":6,"column":73}},"9":{"start":{"line":6,"column":88},"end":{"line":6,"column":98}},"10":{"start":{"line":7,"column":32},"end":{"line":7,"column":116}},"11":{"start":{"line":8,"column":8},"end":{"line":8,"column":78}},"12":{"start":{"line":11,"column":0},"end":{"line":11,"column":62}},"13":{"start":{"line":12,"column":0},"end":{"line":12,"column":28}},"14":{"start":{"line":14,"column":19},"end":{"line":22,"column":2}},"15":{"start":{"line":14,"column":28},"end":{"line":22,"column":2}},"16":{"start":{"line":16,"column":17},"end":{"line":16,"column":31}},"17":{"start":{"line":17,"column":4},"end":{"line":21,"column":6}},"18":{"start":{"line":23,"column":0},"end":{"line":23,"column":32}}},"fnMap":{"0":{"name":"(anonymous_0)","decl":{"start":{"line":2,"column":44},"end":{"line":2,"column":45}},"loc":{"start":{"line":2,"column":89},"end":{"line":10,"column":1}},"line":2},"1":{"name":"adopt","decl":{"start":{"line":3,"column":13},"end":{"line":3,"column":18}},"loc":{"start":{"line":3,"column":26},"end":{"line":3,"column":112}},"line":3},"2":{"name":"(anonymous_2)","decl":{"start":{"line":3,"column":70},"end":{"line":3,"column":71}},"loc":{"start":{"line":3,"column":89},"end":{"line":3,"column":108}},"line":3},"3":{"name":"(anonymous_3)","decl":{"start":{"line":4,"column":36},"end":{"line":4,"column":37}},"loc":{"start":{"line":4,"column":63},"end":{"line":9,"column":5}},"line":4},"4":{"name":"fulfilled","decl":{"start":{"line":5,"column":17},"end":{"line":5,"column":26}},"loc":{"start":{"line":5,"column":34},"end":{"line":5,"column":99}},"line":5},"5":{"name":"rejected","decl":{"start":{"line":6,"column":17},"end":{"line":6,"column":25}},"loc":{"start":{"line":6,"column":33},"end":{"line":6,"column":102}},"line":6},"6":{"name":"step","decl":{"start":{"line":7,"column":17},"end":{"line":7,"column":21}},"loc":{"start":{"line":7,"column":30},"end":{"line":7,"column":118}},"line":7},"7":{"name":"(anonymous_7)","decl":{"start":{"line":14,"column":19},"end":{"line":14,"column":20}},"loc":{"start":{"line":14,"column":28},"end":{"line":22,"column":2}},"line":14},"8":{"name":"(anonymous_8)","decl":{"start":{"line":14,"column":62},"end":{"line":14,"column":63}},"loc":{"start":{"line":14,"column":75},"end":{"line":22,"column":1}},"line":14}},"branchMap":{"0":{"loc":{"start":{"line":2,"column":16},"end":{"line":10,"column":1}},"type":"binary-expr","locations":[{"start":{"line":2,"column":17},"end":{"line":2,"column":21}},{"start":{"line":2,"column":25},"end":{"line":2,"column":39}},{"start":{"line":2,"column":44},"end":{"line":10,"column":1}}],"line":2},"1":{"loc":{"start":{"line":3,"column":35},"end":{"line":3,"column":109}},"type":"cond-expr","locations":[{"start":{"line":3,"column":56},"end":{"line":3,"column":61}},{"start":{"line":3,"column":64},"end":{"line":3,"column":109}}],"line":3},"2":{"loc":{"start":{"line":4,"column":16},"end":{"line":4,"column":34}},"type":"binary-expr","locations":[{"start":{"line":4,"column":16},"end":{"line":4,"column":17}},{"start":{"line":4,"column":22},"end":{"line":4,"column":33}}],"line":4},"3":{"loc":{"start":{"line":7,"column":32},"end":{"line":7,"column":115}},"type":"cond-expr","locations":[{"start":{"line":7,"column":46},"end":{"line":7,"column":67}},{"start":{"line":7,"column":70},"end":{"line":7,"column":115}}],"line":7},"4":{"loc":{"start":{"line":8,"column":51},"end":{"line":8,"column":67}},"type":"binary-expr","locations":[{"start":{"line":8,"column":51},"end":{"line":8,"column":61}},{"start":{"line":8,"column":65},"end":{"line":8,"column":67}}],"line":8}},"s":{"0":1,"1":0,"2":0,"3":1,"4":0,"5":0,"6":0,"7":0,"8":0,"9":0,"10":1,"11":1,"12":1,"13":1,"14":1,"15":1,"16":1,"17":1,"18":1},"f":{"0":1,"1":0,"2":0,"3":1,"4":0,"5":0,"6":1,"7":1,"8":1},"b":{"0":[1,1,1],"1":[0,0],"2":[1,1],"3":[1,0],"4":[1,1]},"inputSourceMap":null,"_coverageSchema":"1a1c01bbd47fc00a2c39e90264f33305004495a9","hash":"38ae3e1da78e5f5a4b01c3e678dfef69b711cb7d"}
,"/home/yvonlcy/Code/hkiitweb3/api-final-project/wanderlust-api/dist/src/middleware/auth.js": {"path":"/home/yvonlcy/Code/hkiitweb3/api-final-project/wanderlust-api/dist/src/middleware/auth.js","statementMap":{"0":{"start":{"line":2,"column":16},"end":{"line":10,"column":1}},"1":{"start":{"line":3,"column":28},"end":{"line":3,"column":110}},"2":{"start":{"line":3,"column":91},"end":{"line":3,"column":106}},"3":{"start":{"line":4,"column":4},"end":{"line":9,"column":7}},"4":{"start":{"line":5,"column":36},"end":{"line":5,"column":97}},"5":{"start":{"line":5,"column":42},"end":{"line":5,"column":70}},"6":{"start":{"line":5,"column":85},"end":{"line":5,"column":95}},"7":{"start":{"line":6,"column":35},"end":{"line":6,"column":100}},"8":{"start":{"line":6,"column":41},"end":{"line":6,"column":73}},"9":{"start":{"line":6,"column":88},"end":{"line":6,"column":98}},"10":{"start":{"line":7,"column":32},"end":{"line":7,"column":116}},"11":{"start":{"line":8,"column":8},"end":{"line":8,"column":78}},"12":{"start":{"line":11,"column":22},"end":{"line":13,"column":1}},"13":{"start":{"line":12,"column":4},"end":{"line":12,"column":62}},"14":{"start":{"line":14,"column":0},"end":{"line":14,"column":62}},"15":{"start":{"line":15,"column":0},"end":{"line":15,"column":22}},"16":{"start":{"line":16,"column":23},"end":{"line":16,"column":63}},"17":{"start":{"line":17,"column":14},"end":{"line":17,"column":38}},"18":{"start":{"line":18,"column":13},"end":{"line":33,"column":2}},"19":{"start":{"line":18,"column":29},"end":{"line":33,"column":2}},"20":{"start":{"line":18,"column":44},"end":{"line":33,"column":2}},"21":{"start":{"line":19,"column":19},"end":{"line":19,"column":44}},"22":{"start":{"line":20,"column":4},"end":{"line":21,"column":35}},"23":{"start":{"line":21,"column":8},"end":{"line":21,"column":35}},"24":{"start":{"line":22,"column":4},"end":{"line":32,"column":5}},"25":{"start":{"line":23,"column":22},"end":{"line":23,"column":48}},"26":{"start":{"line":24,"column":24},"end":{"line":24,"column":78}},"27":{"start":{"line":25,"column":8},"end":{"line":26,"column":40}},"28":{"start":{"line":26,"column":12},"end":{"line":26,"column":40}},"29":{"start":{"line":27,"column":8},"end":{"line":27,"column":33}},"30":{"start":{"line":28,"column":8},"end":{"line":28,"column":21}},"31":{"start":{"line":31,"column":8},"end":{"line":31,"column":50}},"32":{"start":{"line":34,"column":0},"end":{"line":34,"column":20}}},"fnMap":{"0":{"name":"(anonymous_0)","decl":{"start":{"line":2,"column":44},"end":{"line":2,"column":45}},"loc":{"start":{"line":2,"column":89},"end":{"line":10,"column":1}},"line":2},"1":{"name":"adopt","decl":{"start":{"line":3,"column":13},"end":{"line":3,"column":18}},"loc":{"start":{"line":3,"column":26},"end":{"line":3,"column":112}},"line":3},"2":{"name":"(anonymous_2)","decl":{"start":{"line":3,"column":70},"end":{"line":3,"column":71}},"loc":{"start":{"line":3,"column":89},"end":{"line":3,"column":108}},"line":3},"3":{"name":"(anonymous_3)","decl":{"start":{"line":4,"column":36},"end":{"line":4,"column":37}},"loc":{"start":{"line":4,"column":63},"end":{"line":9,"column":5}},"line":4},"4":{"name":"fulfilled","decl":{"start":{"line":5,"column":17},"end":{"line":5,"column":26}},"loc":{"start":{"line":5,"column":34},"end":{"line":5,"column":99}},"line":5},"5":{"name":"rejected","decl":{"start":{"line":6,"column":17},"end":{"line":6,"column":25}},"loc":{"start":{"line":6,"column":33},"end":{"line":6,"column":102}},"line":6},"6":{"name":"step","decl":{"start":{"line":7,"column":17},"end":{"line":7,"column":21}},"loc":{"start":{"line":7,"column":30},"end":{"line":7,"column":118}},"line":7},"7":{"name":"(anonymous_7)","decl":{"start":{"line":11,"column":56},"end":{"line":11,"column":57}},"loc":{"start":{"line":11,"column":71},"end":{"line":13,"column":1}},"line":11},"8":{"name":"(anonymous_8)","decl":{"start":{"line":18,"column":13},"end":{"line":18,"column":14}},"loc":{"start":{"line":18,"column":29},"end":{"line":33,"column":2}},"line":18},"9":{"name":"(anonymous_9)","decl":{"start":{"line":18,"column":29},"end":{"line":18,"column":30}},"loc":{"start":{"line":18,"column":44},"end":{"line":33,"column":2}},"line":18},"10":{"name":"(anonymous_10)","decl":{"start":{"line":18,"column":78},"end":{"line":18,"column":79}},"loc":{"start":{"line":18,"column":91},"end":{"line":33,"column":1}},"line":18}},"branchMap":{"0":{"loc":{"start":{"line":2,"column":16},"end":{"line":10,"column":1}},"type":"binary-expr","locations":[{"start":{"line":2,"column":17},"end":{"line":2,"column":21}},{"start":{"line":2,"column":25},"end":{"line":2,"column":39}},{"start":{"line":2,"column":44},"end":{"line":10,"column":1}}],"line":2},"1":{"loc":{"start":{"line":3,"column":35},"end":{"line":3,"column":109}},"type":"cond-expr","locations":[{"start":{"line":3,"column":56},"end":{"line":3,"column":61}},{"start":{"line":3,"column":64},"end":{"line":3,"column":109}}],"line":3},"2":{"loc":{"start":{"line":4,"column":16},"end":{"line":4,"column":34}},"type":"binary-expr","locations":[{"start":{"line":4,"column":16},"end":{"line":4,"column":17}},{"start":{"line":4,"column":22},"end":{"line":4,"column":33}}],"line":4},"3":{"loc":{"start":{"line":7,"column":32},"end":{"line":7,"column":115}},"type":"cond-expr","locations":[{"start":{"line":7,"column":46},"end":{"line":7,"column":67}},{"start":{"line":7,"column":70},"end":{"line":7,"column":115}}],"line":7},"4":{"loc":{"start":{"line":8,"column":51},"end":{"line":8,"column":67}},"type":"binary-expr","locations":[{"start":{"line":8,"column":51},"end":{"line":8,"column":61}},{"start":{"line":8,"column":65},"end":{"line":8,"column":67}}],"line":8},"5":{"loc":{"start":{"line":11,"column":22},"end":{"line":13,"column":1}},"type":"binary-expr","locations":[{"start":{"line":11,"column":23},"end":{"line":11,"column":27}},{"start":{"line":11,"column":31},"end":{"line":11,"column":51}},{"start":{"line":11,"column":56},"end":{"line":13,"column":1}}],"line":11},"6":{"loc":{"start":{"line":12,"column":11},"end":{"line":12,"column":61}},"type":"cond-expr","locations":[{"start":{"line":12,"column":37},"end":{"line":12,"column":40}},{"start":{"line":12,"column":43},"end":{"line":12,"column":61}}],"line":12},"7":{"loc":{"start":{"line":12,"column":12},"end":{"line":12,"column":33}},"type":"binary-expr","locations":[{"start":{"line":12,"column":12},"end":{"line":12,"column":15}},{"start":{"line":12,"column":19},"end":{"line":12,"column":33}}],"line":12},"8":{"loc":{"start":{"line":18,"column":14},"end":{"line":18,"column":24}},"type":"default-arg","locations":[{"start":{"line":18,"column":22},"end":{"line":18,"column":24}}],"line":18},"9":{"loc":{"start":{"line":20,"column":4},"end":{"line":21,"column":35}},"type":"if","locations":[{"start":{"line":20,"column":4},"end":{"line":21,"column":35}},{"start":{},"end":{}}],"line":20},"10":{"loc":{"start":{"line":20,"column":10},"end":{"line":20,"column":86}},"type":"cond-expr","locations":[{"start":{"line":20,"column":49},"end":{"line":20,"column":55}},{"start":{"line":20,"column":58},"end":{"line":20,"column":86}}],"line":20},"11":{"loc":{"start":{"line":20,"column":10},"end":{"line":20,"column":46}},"type":"binary-expr","locations":[{"start":{"line":20,"column":10},"end":{"line":20,"column":25}},{"start":{"line":20,"column":29},"end":{"line":20,"column":46}}],"line":20},"12":{"loc":{"start":{"line":25,"column":8},"end":{"line":26,"column":40}},"type":"if","locations":[{"start":{"line":25,"column":8},"end":{"line":26,"column":40}},{"start":{},"end":{}}],"line":25},"13":{"loc":{"start":{"line":25,"column":12},"end":{"line":25,"column":57}},"type":"binary-expr","locations":[{"start":{"line":25,"column":12},"end":{"line":25,"column":24}},{"start":{"line":25,"column":28},"end":{"line":25,"column":57}}],"line":25}},"s":{"0":1,"1":1,"2":0,"3":2,"4":1,"5":1,"6":0,"7":0,"8":0,"9":0,"10":2,"11":2,"12":1,"13":1,"14":1,"15":1,"16":1,"17":1,"18":1,"19":4,"20":2,"21":2,"22":2,"23":1,"24":1,"25":1,"26":1,"27":1,"28":0,"29":1,"30":1,"31":0,"32":1},"f":{"0":2,"1":1,"2":0,"3":2,"4":1,"5":0,"6":2,"7":1,"8":4,"9":2,"10":2},"b":{"0":[1,1,1],"1":[1,0],"2":[2,2],"3":[1,1],"4":[2,2],"5":[1,1,1],"6":[0,1],"7":[1,1],"8":[1],"9":[1,1],"10":[1,1],"11":[2,2],"12":[0,1],"13":[1,0]},"inputSourceMap":null,"_coverageSchema":"1a1c01bbd47fc00a2c39e90264f33305004495a9","hash":"d842308d921363f4a47dc91c2f9956d6e6cec16d"}
,"/home/yvonlcy/Code/hkiitweb3/api-final-project/wanderlust-api/dist/src/middleware/errorMiddleware.js": {"path":"/home/yvonlcy/Code/hkiitweb3/api-final-project/wanderlust-api/dist/src/middleware/errorMiddleware.js","statementMap":{"0":{"start":{"line":2,"column":16},"end":{"line":10,"column":1}},"1":{"start":{"line":3,"column":28},"end":{"line":3,"column":110}},"2":{"start":{"line":3,"column":91},"end":{"line":3,"column":106}},"3":{"start":{"line":4,"column":4},"end":{"line":9,"column":7}},"4":{"start":{"line":5,"column":36},"end":{"line":5,"column":97}},"5":{"start":{"line":5,"column":42},"end":{"line":5,"column":70}},"6":{"start":{"line":5,"column":85},"end":{"line":5,"column":95}},"7":{"start":{"line":6,"column":35},"end":{"line":6,"column":100}},"8":{"start":{"line":6,"column":41},"end":{"line":6,"column":73}},"9":{"start":{"line":6,"column":88},"end":{"line":6,"column":98}},"10":{"start":{"line":7,"column":32},"end":{"line":7,"column":116}},"11":{"start":{"line":8,"column":8},"end":{"line":8,"column":78}},"12":{"start":{"line":11,"column":0},"end":{"line":11,"column":62}},"13":{"start":{"line":12,"column":0},"end":{"line":12,"column":34}},"14":{"start":{"line":19,"column":4},"end":{"line":37,"column":7}},"15":{"start":{"line":20,"column":8},"end":{"line":36,"column":9}},"16":{"start":{"line":21,"column":12},"end":{"line":21,"column":25}},"17":{"start":{"line":25,"column":12},"end":{"line":34,"column":13}},"18":{"start":{"line":28,"column":16},"end":{"line":28,"column":79}},"19":{"start":{"line":29,"column":16},"end":{"line":29,"column":52}},"20":{"start":{"line":32,"column":16},"end":{"line":32,"column":33}},"21":{"start":{"line":33,"column":16},"end":{"line":33,"column":56}},"22":{"start":{"line":35,"column":12},"end":{"line":35,"column":44}}},"fnMap":{"0":{"name":"(anonymous_0)","decl":{"start":{"line":2,"column":44},"end":{"line":2,"column":45}},"loc":{"start":{"line":2,"column":89},"end":{"line":10,"column":1}},"line":2},"1":{"name":"adopt","decl":{"start":{"line":3,"column":13},"end":{"line":3,"column":18}},"loc":{"start":{"line":3,"column":26},"end":{"line":3,"column":112}},"line":3},"2":{"name":"(anonymous_2)","decl":{"start":{"line":3,"column":70},"end":{"line":3,"column":71}},"loc":{"start":{"line":3,"column":89},"end":{"line":3,"column":108}},"line":3},"3":{"name":"(anonymous_3)","decl":{"start":{"line":4,"column":36},"end":{"line":4,"column":37}},"loc":{"start":{"line":4,"column":63},"end":{"line":9,"column":5}},"line":4},"4":{"name":"fulfilled","decl":{"start":{"line":5,"column":17},"end":{"line":5,"column":26}},"loc":{"start":{"line":5,"column":34},"end":{"line":5,"column":99}},"line":5},"5":{"name":"rejected","decl":{"start":{"line":6,"column":17},"end":{"line":6,"column":25}},"loc":{"start":{"line":6,"column":33},"end":{"line":6,"column":102}},"line":6},"6":{"name":"step","decl":{"start":{"line":7,"column":17},"end":{"line":7,"column":21}},"loc":{"start":{"line":7,"column":30},"end":{"line":7,"column":118}},"line":7},"7":{"name":"errorMiddleware","decl":{"start":{"line":18,"column":9},"end":{"line":18,"column":24}},"loc":{"start":{"line":18,"column":36},"end":{"line":38,"column":1}},"line":18},"8":{"name":"(anonymous_8)","decl":{"start":{"line":19,"column":43},"end":{"line":19,"column":44}},"loc":{"start":{"line":19,"column":56},"end":{"line":37,"column":5}},"line":19}},"branchMap":{"0":{"loc":{"start":{"line":2,"column":16},"end":{"line":10,"column":1}},"type":"binary-expr","locations":[{"start":{"line":2,"column":17},"end":{"line":2,"column":21}},{"start":{"line":2,"column":25},"end":{"line":2,"column":39}},{"start":{"line":2,"column":44},"end":{"line":10,"column":1}}],"line":2},"1":{"loc":{"start":{"line":3,"column":35},"end":{"line":3,"column":109}},"type":"cond-expr","locations":[{"start":{"line":3,"column":56},"end":{"line":3,"column":61}},{"start":{"line":3,"column":64},"end":{"line":3,"column":109}}],"line":3},"2":{"loc":{"start":{"line":4,"column":16},"end":{"line":4,"column":34}},"type":"binary-expr","locations":[{"start":{"line":4,"column":16},"end":{"line":4,"column":17}},{"start":{"line":4,"column":22},"end":{"line":4,"column":33}}],"line":4},"3":{"loc":{"start":{"line":7,"column":32},"end":{"line":7,"column":115}},"type":"cond-expr","locations":[{"start":{"line":7,"column":46},"end":{"line":7,"column":67}},{"start":{"line":7,"column":70},"end":{"line":7,"column":115}}],"line":7},"4":{"loc":{"start":{"line":8,"column":51},"end":{"line":8,"column":67}},"type":"binary-expr","locations":[{"start":{"line":8,"column":51},"end":{"line":8,"column":61}},{"start":{"line":8,"column":65},"end":{"line":8,"column":67}}],"line":8},"5":{"loc":{"start":{"line":25,"column":12},"end":{"line":34,"column":13}},"type":"if","locations":[{"start":{"line":25,"column":12},"end":{"line":34,"column":13}},{"start":{"line":31,"column":17},"end":{"line":34,"column":13}}],"line":25},"6":{"loc":{"start":{"line":28,"column":29},"end":{"line":28,"column":78}},"type":"cond-expr","locations":[{"start":{"line":28,"column":62},"end":{"line":28,"column":72}},{"start":{"line":28,"column":75},"end":{"line":28,"column":78}}],"line":28}},"s":{"0":1,"1":9,"2":0,"3":9,"4":8,"5":8,"6":0,"7":1,"8":1,"9":0,"10":18,"11":9,"12":1,"13":1,"14":9,"15":9,"16":9,"17":1,"18":1,"19":1,"20":0,"21":0,"22":1},"f":{"0":9,"1":9,"2":0,"3":9,"4":8,"5":1,"6":18,"7":9,"8":9},"b":{"0":[1,1,1],"1":[9,0],"2":[9,9],"3":[9,9],"4":[9,9],"5":[1,0],"6":[1,0]},"inputSourceMap":null,"_coverageSchema":"1a1c01bbd47fc00a2c39e90264f33305004495a9","hash":"6f159dc9597650ca5f9d2608ba92eee950f23ae8"}
,"/home/yvonlcy/Code/hkiitweb3/api-final-project/wanderlust-api/dist/src/middleware/imageUpload.js": {"path":"/home/yvonlcy/Code/hkiitweb3/api-final-project/wanderlust-api/dist/src/middleware/imageUpload.js","statementMap":{"0":{"start":{"line":2,"column":22},"end":{"line":4,"column":1}},"1":{"start":{"line":3,"column":4},"end":{"line":3,"column":62}},"2":{"start":{"line":5,"column":0},"end":{"line":5,"column":62}},"3":{"start":{"line":6,"column":0},"end":{"line":6,"column":29}},"4":{"start":{"line":7,"column":17},"end":{"line":7,"column":56}},"5":{"start":{"line":8,"column":15},"end":{"line":8,"column":47}},"6":{"start":{"line":10,"column":17},"end":{"line":10,"column":32}},"7":{"start":{"line":11,"column":0},"end":{"line":36,"column":3}},"8":{"start":{"line":15,"column":12},"end":{"line":15,"column":68}},"9":{"start":{"line":20,"column":29},"end":{"line":20,"column":33}},"10":{"start":{"line":21,"column":12},"end":{"line":21,"column":63}},"11":{"start":{"line":28,"column":25},"end":{"line":28,"column":29}},"12":{"start":{"line":29,"column":8},"end":{"line":34,"column":9}},"13":{"start":{"line":30,"column":12},"end":{"line":30,"column":27}},"14":{"start":{"line":33,"column":12},"end":{"line":33,"column":58}}},"fnMap":{"0":{"name":"(anonymous_0)","decl":{"start":{"line":2,"column":56},"end":{"line":2,"column":57}},"loc":{"start":{"line":2,"column":71},"end":{"line":4,"column":1}},"line":2},"1":{"name":"(anonymous_1)","decl":{"start":{"line":14,"column":8},"end":{"line":14,"column":9}},"loc":{"start":{"line":14,"column":35},"end":{"line":16,"column":9}},"line":14},"2":{"name":"(anonymous_2)","decl":{"start":{"line":18,"column":8},"end":{"line":18,"column":9}},"loc":{"start":{"line":18,"column":32},"end":{"line":22,"column":9}},"line":18},"3":{"name":"(anonymous_3)","decl":{"start":{"line":26,"column":4},"end":{"line":26,"column":5}},"loc":{"start":{"line":26,"column":30},"end":{"line":35,"column":5}},"line":26}},"branchMap":{"0":{"loc":{"start":{"line":2,"column":22},"end":{"line":4,"column":1}},"type":"binary-expr","locations":[{"start":{"line":2,"column":23},"end":{"line":2,"column":27}},{"start":{"line":2,"column":31},"end":{"line":2,"column":51}},{"start":{"line":2,"column":56},"end":{"line":4,"column":1}}],"line":2},"1":{"loc":{"start":{"line":3,"column":11},"end":{"line":3,"column":61}},"type":"cond-expr","locations":[{"start":{"line":3,"column":37},"end":{"line":3,"column":40}},{"start":{"line":3,"column":43},"end":{"line":3,"column":61}}],"line":3},"2":{"loc":{"start":{"line":3,"column":12},"end":{"line":3,"column":33}},"type":"binary-expr","locations":[{"start":{"line":3,"column":12},"end":{"line":3,"column":15}},{"start":{"line":3,"column":19},"end":{"line":3,"column":33}}],"line":3},"3":{"loc":{"start":{"line":29,"column":8},"end":{"line":34,"column":9}},"type":"if","locations":[{"start":{"line":29,"column":8},"end":{"line":34,"column":9}},{"start":{"line":32,"column":13},"end":{"line":34,"column":9}}],"line":29}},"s":{"0":1,"1":2,"2":1,"3":1,"4":1,"5":1,"6":1,"7":1,"8":0,"9":0,"10":0,"11":0,"12":0,"13":0,"14":0},"f":{"0":2,"1":0,"2":0,"3":0},"b":{"0":[1,1,1],"1":[0,2],"2":[2,2],"3":[0,0]},"inputSourceMap":null,"_coverageSchema":"1a1c01bbd47fc00a2c39e90264f33305004495a9","hash":"7dfc2e05132fe694d97ed8b8cfa41b5be6892cd9"}
[...]
,"column":null}},"4":{"start":{"line":12,"column":37},"end":{"line":25,"column":null}},"5":{"start":{"line":13,"column":19},"end":{"line":13,"column":44}},"6":{"start":{"line":14,"column":4},"end":{"line":14,"column":null}},"7":{"start":{"line":14,"column":40},"end":{"line":14,"column":null}},"8":{"start":{"line":16,"column":4},"end":{"line":24,"column":5}},"9":{"start":{"line":17,"column":20},"end":{"line":17,"column":46}},"10":{"start":{"line":18,"column":22},"end":{"line":18,"column":75}},"11":{"start":{"line":19,"column":6},"end":{"line":19,"column":null}},"12":{"start":{"line":19,"column":57},"end":{"line":19,"column":null}},"13":{"start":{"line":20,"column":6},"end":{"line":20,"column":null}},"14":{"start":{"line":21,"column":6},"end":{"line":21,"column":null}},"15":{"start":{"line":23,"column":6},"end":{"line":23,"column":null}},"16":{"start":{"line":10,"column":13},"end":{"line":10,"column":null}}},"fnMap":{"0":{"name":"(anonymous_8)","decl":{"start":{"line":11,"column":2},"end":{"line":11,"column":3}},"loc":{"start":{"line":12,"column":2},"end":{"line":25,"column":null}}},"1":{"name":"(anonymous_9)","decl":{"start":{"line":12,"column":2},"end":{"line":12,"column":9}},"loc":{"start":{"line":12,"column":37},"end":{"line":25,"column":null}}},"2":{"name":"(anonymous_10)","decl":{"start":{"line":12,"column":37},"end":{"line":12,"column":null}},"loc":{"start":{"line":12,"column":37},"end":{"line":25,"column":3}}}},"branchMap":{"0":{"loc":{"start":{"line":11,"column":3},"end":{"line":11,"column":43}},"type":"default-arg","locations":[{"start":{"line":11,"column":41},"end":{"line":11,"column":43}}]},"1":{"loc":{"start":{"line":14,"column":4},"end":{"line":14,"column":null}},"type":"if","locations":[{"start":{"line":14,"column":4},"end":{"line":14,"column":null}}]},"2":{"loc":{"start":{"line":14,"column":9},"end":{"line":14,"column":38}},"type":"cond-expr","locations":[{"start":{"line":14,"column":15},"end":{"line":14,"column":17}},{"start":{"line":14,"column":9},"end":{"line":14,"column":38}}]},"3":{"loc":{"start":{"line":14,"column":9},"end":{"line":14,"column":17}},"type":"binary-expr","locations":[{"start":{"line":14,"column":9},"end":{"line":14,"column":17}},{"start":{"line":14,"column":9},"end":{"line":14,"column":17}}]},"4":{"loc":{"start":{"line":19,"column":6},"end":{"line":19,"column":null}},"type":"if","locations":[{"start":{"line":19,"column":6},"end":{"line":19,"column":null}}]},"5":{"loc":{"start":{"line":19,"column":10},"end":{"line":19,"column":55}},"type":"binary-expr","locations":[{"start":{"line":19,"column":10},"end":{"line":19,"column":22}},{"start":{"line":19,"column":26},"end":{"line":19,"column":55}}]}},"s":{"0":7,"1":7,"2":7,"3":56,"4":19,"5":19,"6":19,"7":2,"8":17,"9":17,"10":17,"11":17,"12":0,"13":17,"14":17,"15":0,"16":7},"f":{"0":56,"1":19,"2":19},"b":{"0":[35],"1":[2],"2":[2,17],"3":[19,19],"4":[0],"5":[17,8]}}
,"/home/yvonlcy/Code/hkiitweb3/api-final-project/wanderlust-api/src/middleware/errorMiddleware.ts": {"path":"/home/yvonlcy/Code/hkiitweb3/api-final-project/wanderlust-api/src/middleware/errorMiddleware.ts","statementMap":{"0":{"start":{"line":8,"column":0},"end":{"line":8,"column":30}},"1":{"start":{"line":9,"column":2},"end":{"line":23,"column":3}},"2":{"start":{"line":10,"column":4},"end":{"line":10,"column":null}},"3":{"start":{"line":13,"column":4},"end":{"line":21,"column":5}},"4":{"start":{"line":16,"column":6},"end":{"line":16,"column":null}},"5":{"start":{"line":17,"column":6},"end":{"line":17,"column":null}},"6":{"start":{"line":19,"column":6},"end":{"line":19,"column":null}},"7":{"start":{"line":20,"column":6},"end":{"line":20,"column":null}},"8":{"start":{"line":22,"column":4},"end":{"line":22,"column":36}}},"fnMap":{"0":{"name":"errorMiddleware","decl":{"start":{"line":8,"column":30},"end":{"line":8,"column":45}},"loc":{"start":{"line":8,"column":87},"end":{"line":24,"column":null}}}},"branchMap":{"0":{"loc":{"start":{"line":13,"column":4},"end":{"line":21,"column":5}},"type":"if","locations":[{"start":{"line":13,"column":4},"end":{"line":21,"column":5}},{"start":{"line":18,"column":11},"end":{"line":21,"column":5}}]},"1":{"loc":{"start":{"line":16,"column":19},"end":{"line":16,"column":86}},"type":"cond-expr","locations":[{"start":{"line":16,"column":62},"end":{"line":16,"column":80}},{"start":{"line":16,"column":83},"end":{"line":16,"column":86}}]}},"s":{"0":7,"1":51,"2":51,"3":2,"4":2,"5":2,"6":0,"7":0,"8":2},"f":{"0":51},"b":{"0":[2,0],"1":[2,0]}}
,"/home/yvonlcy/Code/hkiitweb3/api-final-project/wanderlust-api/src/middleware/imageUpload.ts": {"path":"/home/yvonlcy/Code/hkiitweb3/api-final-project/wanderlust-api/src/middleware/imageUpload.ts","statementMap":{"0":{"start":{"line":1,"column":0},"end":{"line":1,"column":32}},"1":{"start":{"line":2,"column":0},"end":{"line":2,"column":23}},"2":{"start":{"line":5,"column":17},"end":{"line":5,"column":32}},"3":{"start":{"line":7,"column":13},"end":{"line":31,"column":null}},"4":{"start":{"line":11,"column":6},"end":{"line":11,"column":null}},"5":{"start":{"line":16,"column":23},"end":{"line":16,"column":55}},"6":{"start":{"line":17,"column":6},"end":{"line":17,"column":null}},"7":{"start":{"line":24,"column":21},"end":{"line":24,"column":49}},"8":{"start":{"line":25,"column":4},"end":{"line":29,"column":5}},"9":{"start":{"line":26,"column":6},"end":{"line":26,"column":null}},"10":{"start":{"line":28,"column":6},"end":{"line":28,"column":null}}},"fnMap":{"0":{"name":"(anonymous_1)","decl":{"start":{"line":10,"column":4},"end":{"line":10,"column":15}},"loc":{"start":{"line":10,"column":44},"end":{"line":12,"column":5}}},"1":{"name":"(anonymous_2)","decl":{"start":{"line":14,"column":4},"end":{"line":14,"column":12}},"loc":{"start":{"line":14,"column":41},"end":{"line":18,"column":5}}},"2":{"name":"(anonymous_3)","decl":{"start":{"line":22,"column":2},"end":{"line":22,"column":12}},"loc":{"start":{"line":22,"column":41},"end":{"line":30,"column":3}}}},"branchMap":{"0":{"loc":{"start":{"line":25,"column":4},"end":{"line":29,"column":5}},"type":"if","locations":[{"start":{"line":25,"column":4},"end":{"line":29,"column":5}},{"start":{"line":27,"column":11},"end":{"line":29,"column":5}}]}},"s":{"0":7,"1":7,"2":7,"3":7,"4":0,"5":0,"6":0,"7":0,"8":0,"9":0,"10":0},"f":{"0":0,"1":0,"2":0},"b":{"0":[0,0]}}
,"/home/yvonlcy/Code/hkiitweb3/api-final-project/wanderlust-api/src/routes/health.ts": {"path":"/home/yvonlcy/Code/hkiitweb3/api-final-project/wanderlust-api/src/routes/health.ts","statementMap":{"0":{"start":{"line":1,"column":0},"end":{"line":1,"column":31}},"1":{"start":{"line":3,"column":15},"end":{"line":3,"column":27}},"2":{"start":{"line":6,"column":0},"end":{"line":8,"column":null}},"3":{"start":{"line":7,"column":2},"end":{"line":7,"column":null}},"4":{"start":{"line":10,"column":0},"end":{"line":10,"column":null}}},"fnMap":{"0":{"name":"(anonymous_1)","decl":{"start":{"line":6,"column":22},"end":{"line":6,"column":23}},"loc":{"start":{"line":6,"column":30},"end":{"line":8,"column":1}}}},"branchMap":{},"s":{"0":7,"1":7,"2":7,"3":1,"4":7},"f":{"0":1},"b":{}}
,"/home/yvonlcy/Code/hkiitweb3/api-final-project/wanderlust-api/src/routes/hotel.ts": {"path":"/home/yvonlcy/Code/hkiitweb3/api-final-project/wanderlust-api/src/routes/hotel.ts","statementMap":{"0":{"start":{"line":1,"column":0},"end":{"line":1,"column":31}},"1":{"start":{"line":2,"column":0},"end":{"line":2,"column":98}},"2":{"start":{"line":3,"column":0},"end":{"line":3,"column":41}},"3":{"start":{"line":5,"column":15},"end":{"line":5,"column":48}},"4":{"start":{"line":8,"column":0},"end":{"line":8,"column":null}},"5":{"start":{"line":55,"column":0},"end":{"line":55,"column":null}},"6":{"start":{"line":81,"column":0},"end":{"line":81,"column":null}},"7":{"start":{"line":114,"column":0},"end":{"line":114,"column":null}},"8":{"start":{"line":135,"column":0},"end":{"line":135,"column":null}},"9":{"start":{"line":137,"column":0},"end":{"line":137,"column":null}}},"fnMap":{},"branchMap":{},"s":{"0":7,"1":7,"2":7,"3":7,"4":7,"5":7,"6":7,"7":7,"8":7,"9":7},"f":{},"b":{}}
,"/home/yvonlcy/Code/hkiitweb3/api-final-project/wanderlust-api/src/routes/index.ts": {"path":"/home/yvonlcy/Code/hkiitweb3/api-final-project/wanderlust-api/src/routes/index.ts","statementMap":{"0":{"start":{"line":1,"column":0},"end":{"line":1,"column":31}},"1":{"start":{"line":2,"column":0},"end":{"line":2,"column":29}},"2":{"start":{"line":3,"column":0},"end":{"line":3,"column":27}},"3":{"start":{"line":4,"column":0},"end":{"line":4,"column":33}},"4":{"start":{"line":5,"column":0},"end":{"line":5,"column":29}},"5":{"start":{"line":6,"column":0},"end":{"line":6,"column":31}},"6":{"start":{"line":7,"column":0},"end":{"line":7,"column":31}},"7":{"start":{"line":9,"column":15},"end":{"line":9,"column":45}},"8":{"start":{"line":11,"column":0},"end":{"line":11,"column":null}},"9":{"start":{"line":12,"column":0},"end":{"line":12,"column":null}},"10":{"start":{"line":13,"column":0},"end":{"line":13,"column":null}},"11":{"start":{"line":14,"column":0},"end":{"line":14,"column":null}},"12":{"start":{"line":15,"column":0},"end":{"line":15,"column":null}},"13":{"start":{"line":17,"column":0},"end":{"line":17,"column":null}},"14":{"start":{"line":19,"column":0},"end":{"line":19,"column":null}}},"fnMap":{},"branchMap":{},"s":{"0":7,"1":7,"2":7,"3":7,"4":7,"5":7,"6":7,"7":7,"8":7,"9":7,"10":7,"11":7,"12":7,"13":7,"14":7},"f":{},"b":{}}
,"/home/yvonlcy/Code/hkiitweb3/api-final-project/wanderlust-api/src/routes/member.ts": {"path":"/home/yvonlcy/Code/hkiitweb3/api-final-project/wanderlust-api/src/routes/member.ts","statementMap":{"0":{"start":{"line":1,"column":0},"end":{"line":1,"column":31}},"1":{"start":{"line":2,"column":0},"end":{"line":2,"column":null}},"2":{"start":{"line":10,"column":0},"end":{"line":10,"column":55}},"3":{"start":{"line":12,"column":15},"end":{"line":12,"column":49}},"4":{"start":{"line":14,"column":0},"end":{"line":14,"column":null}},"5":{"start":{"line":15,"column":0},"end":{"line":15,"column":null}},"6":{"start":{"line":16,"column":0},"end":{"line":16,"column":null}},"7":{"start":{"line":17,"column":0},"end":{"line":17,"column":null}},"8":{"start":{"line":18,"column":0},"end":{"line":18,"column":null}},"9":{"start":{"line":19,"column":0},"end":{"line":19,"column":null}},"10":{"start":{"line":21,"column":0},"end":{"line":21,"column":null}}},"fnMap":{},"branchMap":{},"s":{"0":7,"1":7,"2":7,"3":7,"4":7,"5":7,"6":7,"7":7,"8":7,"9":7,"10":7},"f":{},"b":{}}
,"/home/yvonlcy/Code/hkiitweb3/api-final-project/wanderlust-api/src/routes/message.ts": {"path":"/home/yvonlcy/Code/hkiitweb3/api-final-project/wanderlust-api/src/routes/message.ts","statementMap":{"0":{"start":{"line":1,"column":0},"end":{"line":1,"column":31}},"1":{"start":{"line":2,"column":0},"end":{"line":2,"column":95}},"2":{"start":{"line":3,"column":0},"end":{"line":3,"column":41}},"3":{"start":{"line":5,"column":15},"end":{"line":5,"column":50}},"4":{"start":{"line":7,"column":0},"end":{"line":7,"column":null}},"5":{"start":{"line":8,"column":0},"end":{"line":8,"column":null}},"6":{"start":{"line":9,"column":0},"end":{"line":9,"column":null}},"7":{"start":{"line":10,"column":0},"end":{"line":10,"column":null}},"8":{"start":{"line":12,"column":0},"end":{"line":12,"column":null}}},"fnMap":{},"branchMap":{},"s":{"0":7,"1":7,"2":7,"3":7,"4":7,"5":7,"6":7,"7":7,"8":7},"f":{},"b":{}}
,"/home/yvonlcy/Code/hkiitweb3/api-final-project/wanderlust-api/src/routes/operator.ts": {"path":"/home/yvonlcy/Code/hkiitweb3/api-final-project/wanderlust-api/src/routes/operator.ts","statementMap":{"0":{"start":{"line":1,"column":0},"end":{"line":1,"column":31}},"1":{"start":{"line":2,"column":0},"end":{"line":2,"column":73}},"2":{"start":{"line":4,"column":15},"end":{"line":4,"column":51}},"3":{"start":{"line":6,"column":0},"end":{"line":6,"column":null}},"4":{"start":{"line":7,"column":0},"end":{"line":7,"column":null}},"5":{"start":{"line":9,"column":0},"end":{"line":9,"column":null}}},"fnMap":{},"branchMap":{},"s":{"0":7,"1":7,"2":7,"3":7,"4":7,"5":7},"f":{},"b":{}}
,"/home/yvonlcy/Code/hkiitweb3/api-final-project/wanderlust-api/src/routes/profile.ts": {"path":"/home/yvonlcy/Code/hkiitweb3/api-final-project/wanderlust-api/src/routes/profile.ts","statementMap":{"0":{"start":{"line":1,"column":0},"end":{"line":1,"column":31}},"1":{"start":{"line":2,"column":0},"end":{"line":2,"column":51}},"2":{"start":{"line":3,"column":0},"end":{"line":3,"column":41}},"3":{"start":{"line":5,"column":15},"end":{"line":5,"column":49}},"4":{"start":{"line":8,"column":0},"end":{"line":8,"column":null}},"5":{"start":{"line":10,"column":0},"end":{"line":10,"column":null}}},"fnMap":{},"branchMap":{},"s":{"0":7,"1":7,"2":7,"3":7,"4":7,"5":7},"f":{},"b":{}}
,"/home/yvonlcy/Code/hkiitweb3/api-final-project/wanderlust-api/src/services/db.ts": {"path":"/home/yvonlcy/Code/hkiitweb3/api-final-project/wanderlust-api/src/services/db.ts","statementMap":{"0":{"start":{"line":1,"column":0},"end":{"line":1,"column":31}},"1":{"start":{"line":4,"column":20},"end":{"line":4,"column":24}},"2":{"start":{"line":6,"column":25},"end":{"line":14,"column":null}},"3":{"start":{"line":6,"column":36},"end":{"line":14,"column":null}},"4":{"start":{"line":7,"column":2},"end":{"line":13,"column":3}},"5":{"start":{"line":8,"column":4},"end":{"line":8,"column":62}},"6":{"start":{"line":9,"column":4},"end":{"line":11,"column":5}},"7":{"start":{"line":10,"column":6},"end":{"line":10,"column":61}},"8":{"start":{"line":12,"column":4},"end":{"line":12,"column":32}},"9":{"start":{"line":6,"column":13},"end":{"line":6,"column":25}},"10":{"start":{"line":17,"column":21},"end":{"line":26,"column":null}},"11":{"start":{"line":17,"column":45},"end":{"line":26,"column":null}},"12":{"start":{"line":18,"column":2},"end":{"line":24,"column":3}},"13":{"start":{"line":19,"column":4},"end":{"line":23,"column":5}},"14":{"start":{"line":20,"column":6},"end":{"line":20,"column":34}},"15":{"start":{"line":22,"column":6},"end":{"line":22,"column":50}},"16":{"start":{"line":25,"column":2},"end":{"line":25,"column":12}},"17":{"start":{"line":17,"column":13},"end":{"line":17,"column":21}},"18":{"start":{"line":29,"column":23},"end":{"line":31,"column":null}},"19":{"start":{"line":29,"column":34},"end":{"line":31,"column":null}},"20":{"start":{"line":30,"column":2},"end":{"line":30,"column":null}},"21":{"start":{"line":29,"column":13},"end":{"line":29,"column":23}}},"fnMap":{"0":{"name":"(anonymous_8)","decl":{"start":{"line":6,"column":25},"end":{"line":6,"column":34}},"loc":{"start":{"line":6,"column":36},"end":{"line":14,"column":null}}},"1":{"name":"(anonymous_9)","decl":{"start":{"line":6,"column":36},"end":{"line":6,"column":null}},"loc":{"start":{"line":6,"column":36},"end":{"line":14,"column":1}}},"2":{"name":"(anonymous_10)","decl":{"start":{"line":17,"column":21},"end":{"line":17,"column":43}},"loc":{"start":{"line":17,"column":45},"end":{"line":26,"column":null}}},"3":{"name":"(anonymous_11)","decl":{"start":{"line":17,"column":45},"end":{"line":17,"column":null}},"loc":{"start":{"line":17,"column":45},"end":{"line":26,"column":1}}},"4":{"name":"(anonymous_12)","decl":{"start":{"line":29,"column":23},"end":{"line":29,"column":32}},"loc":{"start":{"line":29,"column":34},"end":{"line":31,"column":null}}},"5":{"name":"(anonymous_13)","decl":{"start":{"line":29,"column":34},"end":{"line":29,"column":null}},"loc":{"start":{"line":29,"column":34},"end":{"line":31,"column":1}}}},"branchMap":{"0":{"loc":{"start":{"line":7,"column":2},"end":{"line":13,"column":3}},"type":"if","locations":[{"start":{"line":7,"column":2},"end":{"line":13,"column":3}}]},"1":{"loc":{"start":{"line":8,"column":27},"end":{"line":8,"column":56}},"type":"binary-expr","locations":[{"start":{"line":8,"column":27},"end":{"line":8,"column":50}},{"start":{"line":8,"column":54},"end":{"line":8,"column":56}}]},"2":{"loc":{"start":{"line":9,"column":4},"end":{"line":11,"column":5}},"type":"if","locations":[{"start":{"line":9,"column":4},"end":{"line":11,"column":5}}]},"3":{"loc":{"start":{"line":18,"column":2},"end":{"line":24,"column":3}},"type":"if","locations":[{"start":{"line":18,"column":2},"end":{"line":24,"column":3}}]},"4":{"loc":{"start":{"line":19,"column":4},"end":{"line":23,"column":5}},"type":"if","locations":[{"start":{"line":19,"column":4},"end":{"line":23,"column":5}},{"start":{"line":21,"column":11},"end":{"line":23,"column":5}}]},"5":{"loc":{"start":{"line":19,"column":8},"end":{"line":19,"column":70}},"type":"binary-expr","locations":[{"start":{"line":19,"column":8},"end":{"line":19,"column":44}},{"start":{"line":19,"column":48},"end":{"line":19,"column":70}}]}},"s":{"0":7,"1":7,"2":7,"3":0,"4":0,"5":0,"6":0,"7":0,"8":0,"9":7,"10":7,"11":48,"12":48,"13":6,"14":6,"15":0,"16":48,"17":7,"18":7,"19":0,"20":0,"21":7},"f":{"0":0,"1":0,"2":48,"3":48,"4":0,"5":0},"b":{"0":[0],"1":[0,0],"2":[0],"3":[6],"4":[6,0],"5":[6,6]}}
,"/home/yvonlcy/Code/hkiitweb3/api-final-project/wanderlust-api/test/utils/mongo.ts": {"path":"/home/yvonlcy/Code/hkiitweb3/api-final-project/wanderlust-api/test/utils/mongo.ts","statementMap":{"0":{"start":{"line":1,"column":0},"end":{"line":1,"column":58}},"1":{"start":{"line":2,"column":0},"end":{"line":2,"column":32}},"2":{"start":{"line":6,"column":23},"end":{"line":11,"column":2}},"3":{"start":{"line":6,"column":34},"end":{"line":11,"column":2}},"4":{"start":{"line":7,"column":2},"end":{"line":7,"column":43}},"5":{"start":{"line":8,"column":14},"end":{"line":8,"column":28}},"6":{"start":{"line":9,"column":2},"end":{"line":9,"column":32}},"7":{"start":{"line":10,"column":2},"end":{"line":10,"column":30}},"8":{"start":{"line":6,"column":13},"end":{"line":6,"column":23}},"9":{"start":{"line":13,"column":29},"end":{"line":17,"column":2}},"10":{"start":{"line":13,"column":40},"end":{"line":17,"column":2}},"11":{"start":{"line":14,"column":2},"end":{"line":14,"column":43}},"12":{"start":{"line":15,"column":2},"end":{"line":15,"column":36}},"13":{"start":{"line":16,"column":2},"end":{"line":16,"column":32}},"14":{"start":{"line":16,"column":13},"end":{"line":16,"column":32}},"15":{"start":{"line":13,"column":13},"end":{"line":13,"column":29}},"16":{"start":{"line":19,"column":29},"end":{"line":24,"column":2}},"17":{"start":{"line":19,"column":40},"end":{"line":24,"column":2}},"18":{"start":{"line":20,"column":22},"end":{"line":20,"column":53}},"19":{"start":{"line":21,"column":2},"end":{"line":23,"column":3}},"20":{"start":{"line":22,"column":4},"end":{"line":22,"column":42}},"21":{"start":{"line":19,"column":13},"end":{"line":19,"column":29}}},"fnMap":{"0":{"name":"(anonymous_8)","decl":{"start":{"line":6,"column":23},"end":{"line":6,"column":32}},"loc":{"start":{"line":6,"column":34},"end":{"line":11,"column":2}}},"1":{"name":"(anonymous_9)","decl":{"start":{"line":6,"column":34},"end":{"line":6,"column":null}},"loc":{"start":{"line":6,"column":34},"end":{"line":11,"column":1}}},"2":{"name":"(anonymous_10)","decl":{"start":{"line":13,"column":29},"end":{"line":13,"column":38}},"loc":{"start":{"line":13,"column":40},"end":{"line":17,"column":2}}},"3":{"name":"(anonymous_11)","decl":{"start":{"line":13,"column":40},"end":{"line":13,"column":null}},"loc":{"start":{"line":13,"column":40},"end":{"line":17,"column":1}}},"4":{"name":"(anonymous_12)","decl":{"start":{"line":19,"column":29},"end":{"line":19,"column":38}},"loc":{"start":{"line":19,"column":40},"end":{"line":24,"column":2}}},"5":{"name":"(anonymous_13)","decl":{"start":{"line":19,"column":40},"end":{"line":19,"column":null}},"loc":{"start":{"line":19,"column":40},"end":{"line":24,"column":1}}}},"branchMap":{"0":{"loc":{"start":{"line":16,"column":2},"end":{"line":16,"column":32}},"type":"if","locations":[{"start":{"line":16,"column":2},"end":{"line":16,"column":32}}]}},"s":{"0":6,"1":6,"2":6,"3":6,"4":6,"5":6,"6":6,"7":6,"8":6,"9":6,"10":6,"11":6,"12":6,"13":6,"14":6,"15":6,"16":6,"17":23,"18":23,"19":23,"20":0,"21":6},"f":{"0":6,"1":6,"2":6,"3":6,"4":23,"5":23},"b":{"0":[6]}}
}
