TN:
SF:dist/src/index.js
FN:2,(anonymous_0)
FN:3,adopt
FN:3,(anonymous_2)
FN:4,(anonymous_3)
FN:5,fulfilled
FN:6,rejected
FN:7,step
FN:11,(anonymous_7)
FN:29,(anonymous_8)
FN:42,(anonymous_9)
FN:47,(anonymous_10)
FN:47,(anonymous_11)
FNF:12
FNH:1
FNDA:0,(anonymous_0)
FNDA:0,adopt
FNDA:0,(anonymous_2)
FNDA:0,(anonymous_3)
FNDA:0,fulfilled
FNDA:0,rejected
FNDA:0,step
FNDA:10,(anonymous_7)
FNDA:0,(anonymous_8)
FNDA:0,(anonymous_9)
FNDA:0,(anonymous_10)
FNDA:0,(anonymous_11)
DA:2,1
DA:3,0
DA:4,0
DA:5,0
DA:6,0
DA:7,0
DA:8,0
DA:11,1
DA:12,10
DA:14,1
DA:15,1
DA:16,1
DA:17,1
DA:18,1
DA:19,1
DA:20,1
DA:21,1
DA:22,1
DA:23,1
DA:24,1
DA:25,1
DA:26,1
DA:27,1
DA:28,1
DA:29,1
DA:30,0
DA:32,1
DA:33,1
DA:34,1
DA:35,1
DA:37,1
DA:38,1
DA:39,1
DA:40,1
DA:41,1
DA:42,0
DA:43,0
DA:47,1
DA:48,0
DA:49,0
DA:50,0
DA:51,0
DA:53,1
LF:43
LH:30
BRDA:2,0,0,1
BRDA:2,0,1,1
BRDA:2,0,2,1
BRDA:3,1,0,0
BRDA:3,1,1,0
BRDA:4,2,0,0
BRDA:4,2,1,0
BRDA:7,3,0,0
BRDA:7,3,1,0
BRDA:8,4,0,0
BRDA:8,4,1,0
BRDA:11,5,0,1
BRDA:11,5,1,1
BRDA:11,5,2,1
BRDA:12,6,0,2
BRDA:12,6,1,8
BRDA:12,7,0,10
BRDA:12,7,1,10
BRDA:41,8,0,0
BRDA:41,8,1,1
BRF:20
BRH:11
end_of_record
TN:
SF:dist/src/config/env.js
FNF:0
FNH:0
DA:3,1
DA:4,1
DA:5,1
DA:6,1
LF:4
LH:4
BRF:0
BRH:0
end_of_record
TN:
SF:dist/src/controllers/hotel.js
FN:2,(anonymous_0)
FN:3,adopt
FN:3,(anonymous_2)
FN:4,(anonymous_3)
FN:5,fulfilled
FN:6,rejected
FN:7,step
FN:59,(anonymous_7)
FN:59,(anonymous_8)
FN:88,(anonymous_9)
FN:88,(anonymous_10)
FN:110,(anonymous_11)
FN:110,(anonymous_12)
FN:120,(anonymous_13)
FN:120,(anonymous_14)
FN:130,(anonymous_15)
FN:130,(anonymous_16)
FNF:17
FNH:0
FNDA:0,(anonymous_0)
FNDA:0,adopt
FNDA:0,(anonymous_2)
FNDA:0,(anonymous_3)
FNDA:0,fulfilled
FNDA:0,rejected
FNDA:0,step
FNDA:0,(anonymous_7)
FNDA:0,(anonymous_8)
FNDA:0,(anonymous_9)
FNDA:0,(anonymous_10)
FNDA:0,(anonymous_11)
FNDA:0,(anonymous_12)
FNDA:0,(anonymous_13)
FNDA:0,(anonymous_14)
FNDA:0,(anonymous_15)
FNDA:0,(anonymous_16)
DA:2,1
DA:3,0
DA:4,0
DA:5,0
DA:6,0
DA:7,0
DA:8,0
DA:11,1
DA:12,1
DA:13,1
DA:14,1
DA:59,1
DA:60,0
DA:61,0
DA:62,0
DA:63,0
DA:64,0
DA:65,0
DA:66,0
DA:68,0
DA:69,0
DA:70,0
DA:71,0
DA:72,0
DA:73,0
DA:74,0
DA:75,0
DA:76,0
DA:77,0
DA:78,0
DA:79,0
DA:86,1
DA:88,1
DA:89,0
DA:90,0
DA:91,0
DA:92,0
DA:93,0
DA:96,0
DA:98,0
DA:99,0
DA:101,0
DA:102,0
DA:105,0
DA:108,1
DA:110,1
DA:111,0
DA:112,0
DA:114,0
DA:115,0
DA:116,0
DA:118,1
DA:120,1
DA:121,0
DA:122,0
DA:123,0
DA:126,0
DA:128,1
DA:130,1
DA:131,0
DA:132,0
DA:133,0
DA:134,0
DA:136,1
LF:64
LH:15
BRDA:2,0,0,1
BRDA:2,0,1,1
BRDA:2,0,2,1
BRDA:3,1,0,0
BRDA:3,1,1,0
BRDA:4,2,0,0
BRDA:4,2,1,0
BRDA:7,3,0,0
BRDA:7,3,1,0
BRDA:8,4,0,0
BRDA:8,4,1,0
BRDA:63,5,0,0
BRDA:63,5,1,0
BRDA:65,6,0,0
BRDA:65,6,1,0
BRDA:68,7,0,0
BRDA:68,7,1,0
BRDA:69,8,0,0
BRDA:69,8,1,0
BRDA:70,9,0,0
BRDA:70,9,1,0
BRDA:70,10,0,0
BRDA:70,10,1,0
BRDA:72,11,0,0
BRDA:72,11,1,0
BRDA:98,12,0,0
BRDA:98,12,1,0
BRDA:101,13,0,0
BRDA:101,13,1,0
BRDA:101,14,0,0
BRDA:101,14,1,0
BRDA:101,14,2,0
BRF:32
BRH:3
end_of_record
TN:
SF:dist/src/controllers/member.js
FN:2,(anonymous_0)
FN:3,adopt
FN:3,(anonymous_2)
FN:4,(anonymous_3)
FN:5,fulfilled
FN:6,rejected
FN:7,step
FN:11,(anonymous_7)
FN:27,registerMember
FN:28,(anonymous_9)
FN:54,loginMember
FN:55,(anonymous_11)
FN:82,uploadPhoto
FN:83,(anonymous_13)
FN:98,addFavourite
FN:99,(anonymous_15)
FN:113,listFavourites
FN:114,(anonymous_17)
FN:125,removeFavourite
FN:126,(anonymous_19)
FNF:20
FNH:10
FNDA:7,(anonymous_0)
FNDA:19,adopt
FNDA:0,(anonymous_2)
FNDA:7,(anonymous_3)
FNDA:19,fulfilled
FNDA:0,rejected
FNDA:26,step
FNDA:3,(anonymous_7)
FNDA:4,registerMember
FNDA:4,(anonymous_9)
FNDA:3,loginMember
FNDA:3,(anonymous_11)
FNDA:0,uploadPhoto
FNDA:0,(anonymous_13)
FNDA:0,addFavourite
FNDA:0,(anonymous_15)
FNDA:0,listFavourites
FNDA:0,(anonymous_17)
FNDA:0,removeFavourite
FNDA:0,(anonymous_19)
DA:2,1
DA:3,19
DA:4,7
DA:5,19
DA:6,0
DA:7,26
DA:8,7
DA:11,1
DA:12,3
DA:14,1
DA:15,1
DA:16,1
DA:17,1
DA:18,1
DA:19,1
DA:20,1
DA:21,1
DA:22,1
DA:23,1
DA:24,1
DA:25,1
DA:26,1
DA:28,4
DA:29,4
DA:30,4
DA:31,0
DA:32,0
DA:33,0
DA:34,0
DA:36,4
DA:37,4
DA:38,4
DA:39,3
DA:40,3
DA:41,3
DA:42,3
DA:44,1
DA:46,1
DA:47,1
DA:48,1
DA:49,1
DA:50,1
DA:51,1
DA:55,3
DA:56,3
DA:57,3
DA:58,3
DA:59,3
DA:60,0
DA:61,0
DA:62,0
DA:64,3
DA:65,3
DA:66,1
DA:67,1
DA:68,1
DA:71,2
DA:72,2
DA:73,2
DA:74,2
DA:75,2
DA:79,2
DA:83,0
DA:85,0
DA:86,0
DA:87,0
DA:89,0
DA:99,0
DA:100,0
DA:101,0
DA:102,0
DA:103,0
DA:104,0
DA:105,0
DA:108,0
DA:109,0
DA:110,0
DA:114,0
DA:115,0
DA:116,0
DA:117,0
DA:118,0
DA:119,0
DA:120,0
DA:122,0
DA:126,0
DA:127,0
DA:128,0
DA:129,0
DA:130,0
DA:133,0
DA:134,0
DA:135,0
LF:93
LH:54
BRDA:2,0,0,1
BRDA:2,0,1,1
BRDA:2,0,2,1
BRDA:3,1,0,19
BRDA:3,1,1,0
BRDA:4,2,0,7
BRDA:4,2,1,7
BRDA:7,3,0,7
BRDA:7,3,1,19
BRDA:8,4,0,7
BRDA:8,4,1,7
BRDA:11,5,0,1
BRDA:11,5,1,1
BRDA:11,5,2,1
BRDA:12,6,0,0
BRDA:12,6,1,3
BRDA:12,7,0,3
BRDA:12,7,1,3
BRDA:30,8,0,0
BRDA:30,8,1,4
BRDA:30,9,0,4
BRDA:30,9,1,4
BRDA:30,9,2,4
BRDA:38,10,0,3
BRDA:38,10,1,1
BRDA:59,11,0,0
BRDA:59,11,1,3
BRDA:65,12,0,1
BRDA:65,12,1,2
BRDA:86,13,0,0
BRDA:86,13,1,0
BRDA:102,14,0,0
BRDA:102,14,1,0
BRDA:108,15,0,0
BRDA:108,15,1,0
BRDA:118,16,0,0
BRDA:118,16,1,0
BRDA:122,17,0,0
BRDA:122,17,1,0
BRDA:133,18,0,0
BRDA:133,18,1,0
BRF:41
BRH:25
end_of_record
TN:
SF:dist/src/controllers/message.js
FN:2,(anonymous_0)
FN:3,adopt
FN:3,(anonymous_2)
FN:4,(anonymous_3)
FN:5,fulfilled
FN:6,rejected
FN:7,step
FN:18,sendMessage
FN:19,(anonymous_8)
FN:36,replyMessage
FN:37,(anonymous_10)
FN:53,listMessages
FN:54,(anonymous_12)
FN:107,deleteMessage
FN:108,(anonymous_14)
FNF:15
FNH:0
FNDA:0,(anonymous_0)
FNDA:0,adopt
FNDA:0,(anonymous_2)
FNDA:0,(anonymous_3)
FNDA:0,fulfilled
FNDA:0,rejected
FNDA:0,step
FNDA:0,sendMessage
FNDA:0,(anonymous_8)
FNDA:0,replyMessage
FNDA:0,(anonymous_10)
FNDA:0,listMessages
FNDA:0,(anonymous_12)
FNDA:0,deleteMessage
FNDA:0,(anonymous_14)
DA:2,1
DA:3,0
DA:4,0
DA:5,0
DA:6,0
DA:7,0
DA:8,0
DA:11,1
DA:12,1
DA:13,1
DA:14,1
DA:15,1
DA:16,1
DA:17,1
DA:19,0
DA:20,0
DA:21,0
DA:22,0
DA:23,0
DA:24,0
DA:31,0
DA:32,0
DA:33,0
DA:37,0
DA:38,0
DA:39,0
DA:40,0
DA:41,0
DA:42,0
DA:43,0
DA:45,0
DA:48,0
DA:49,0
DA:50,0
DA:54,0
DA:55,0
DA:56,0
DA:57,0
DA:58,0
DA:59,0
DA:104,0
DA:108,0
DA:109,0
DA:110,0
DA:111,0
DA:112,0
DA:113,0
DA:114,0
LF:48
LH:8
BRDA:2,0,0,1
BRDA:2,0,1,1
BRDA:2,0,2,1
BRDA:3,1,0,0
BRDA:3,1,1,0
BRDA:4,2,0,0
BRDA:4,2,1,0
BRDA:7,3,0,0
BRDA:7,3,1,0
BRDA:8,4,0,0
BRDA:8,4,1,0
BRDA:21,5,0,0
BRDA:21,5,1,0
BRDA:21,6,0,0
BRDA:21,6,1,0
BRDA:21,6,2,0
BRDA:40,7,0,0
BRDA:40,7,1,0
BRDA:40,8,0,0
BRDA:40,8,1,0
BRDA:48,9,0,0
BRDA:48,9,1,0
BRDA:56,10,0,0
BRDA:56,10,1,0
BRDA:112,11,0,0
BRDA:112,11,1,0
BRF:26
BRH:3
end_of_record
TN:
SF:dist/src/controllers/operator.js
FN:2,(anonymous_0)
FN:3,adopt
FN:3,(anonymous_2)
FN:4,(anonymous_3)
FN:5,fulfilled
FN:6,rejected
FN:7,step
FN:11,(anonymous_7)
FN:28,registerOperator
FN:29,(anonymous_9)
FN:55,loginOperator
FN:56,(anonymous_11)
FNF:12
FNH:1
FNDA:0,(anonymous_0)
FNDA:0,adopt
FNDA:0,(anonymous_2)
FNDA:0,(anonymous_3)
FNDA:0,fulfilled
FNDA:0,rejected
FNDA:0,step
FNDA:2,(anonymous_7)
FNDA:0,registerOperator
FNDA:0,(anonymous_9)
FNDA:0,loginOperator
FNDA:0,(anonymous_11)
DA:2,1
DA:3,0
DA:4,0
DA:5,0
DA:6,0
DA:7,0
DA:8,0
DA:11,1
DA:12,2
DA:14,1
DA:15,1
DA:16,1
DA:17,1
DA:18,1
DA:19,1
DA:20,1
DA:21,1
DA:22,1
DA:29,0
DA:30,0
DA:31,0
DA:32,0
DA:33,0
DA:36,0
DA:37,0
DA:38,0
DA:39,0
DA:40,0
DA:41,0
DA:42,0
DA:50,0
DA:51,0
DA:52,0
DA:56,0
DA:57,0
DA:58,0
DA:59,0
DA:60,0
DA:61,0
DA:62,0
DA:64,0
DA:65,0
DA:66,0
DA:67,0
DA:69,0
DA:72,0
LF:46
LH:12
BRDA:2,0,0,1
BRDA:2,0,1,1
BRDA:2,0,2,1
BRDA:3,1,0,0
BRDA:3,1,1,0
BRDA:4,2,0,0
BRDA:4,2,1,0
BRDA:7,3,0,0
BRDA:7,3,1,0
BRDA:8,4,0,0
BRDA:8,4,1,0
BRDA:11,5,0,1
BRDA:11,5,1,1
BRDA:11,5,2,1
BRDA:12,6,0,0
BRDA:12,6,1,2
BRDA:12,7,0,2
BRDA:12,7,1,2
BRDA:31,8,0,0
BRDA:31,8,1,0
BRDA:39,9,0,0
BRDA:39,9,1,0
BRDA:60,10,0,0
BRDA:60,10,1,0
BRDA:65,11,0,0
BRDA:65,11,1,0
BRF:26
BRH:9
end_of_record
TN:
SF:dist/src/controllers/profile.js
FN:2,(anonymous_0)
FN:3,adopt
FN:3,(anonymous_2)
FN:4,(anonymous_3)
FN:5,fulfilled
FN:6,rejected
FN:7,step
FN:14,(anonymous_7)
FN:14,(anonymous_8)
FNF:9
FNH:5
FNDA:1,(anonymous_0)
FNDA:0,adopt
FNDA:0,(anonymous_2)
FNDA:1,(anonymous_3)
FNDA:0,fulfilled
FNDA:0,rejected
FNDA:1,step
FNDA:1,(anonymous_7)
FNDA:1,(anonymous_8)
DA:2,1
DA:3,0
DA:4,1
DA:5,0
DA:6,0
DA:7,1
DA:8,1
DA:11,1
DA:12,1
DA:14,1
DA:16,1
DA:17,1
DA:23,1
LF:13
LH:10
BRDA:2,0,0,1
BRDA:2,0,1,1
BRDA:2,0,2,1
BRDA:3,1,0,0
BRDA:3,1,1,0
BRDA:4,2,0,1
BRDA:4,2,1,1
BRDA:7,3,0,1
BRDA:7,3,1,0
BRDA:8,4,0,1
BRDA:8,4,1,1
BRF:11
BRH:8
end_of_record
TN:
SF:dist/src/middleware/auth.js
FN:2,(anonymous_0)
FN:3,adopt
FN:3,(anonymous_2)
FN:4,(anonymous_3)
FN:5,fulfilled
FN:6,rejected
FN:7,step
FN:11,(anonymous_7)
FN:18,(anonymous_8)
FN:18,(anonymous_9)
FN:18,(anonymous_10)
FNF:11
FNH:9
FNDA:2,(anonymous_0)
FNDA:1,adopt
FNDA:0,(anonymous_2)
FNDA:2,(anonymous_3)
FNDA:1,fulfilled
FNDA:0,rejected
FNDA:2,step
FNDA:1,(anonymous_7)
FNDA:4,(anonymous_8)
FNDA:2,(anonymous_9)
FNDA:2,(anonymous_10)
DA:2,1
DA:3,1
DA:4,2
DA:5,1
DA:6,0
DA:7,2
DA:8,2
DA:11,1
DA:12,1
DA:14,1
DA:15,1
DA:16,1
DA:17,1
DA:18,4
DA:19,2
DA:20,2
DA:21,1
DA:22,1
DA:23,1
DA:24,1
DA:25,1
DA:26,0
DA:27,1
DA:28,1
DA:31,0
DA:34,1
LF:26
LH:23
BRDA:2,0,0,1
BRDA:2,0,1,1
BRDA:2,0,2,1
BRDA:3,1,0,1
BRDA:3,1,1,0
BRDA:4,2,0,2
BRDA:4,2,1,2
BRDA:7,3,0,1
BRDA:7,3,1,1
BRDA:8,4,0,2
BRDA:8,4,1,2
BRDA:11,5,0,1
BRDA:11,5,1,1
BRDA:11,5,2,1
BRDA:12,6,0,0
BRDA:12,6,1,1
BRDA:12,7,0,1
BRDA:12,7,1,1
BRDA:18,8,0,1
BRDA:20,9,0,1
BRDA:20,9,1,1
BRDA:20,10,0,1
BRDA:20,10,1,1
BRDA:20,11,0,2
BRDA:20,11,1,2
BRDA:25,12,0,0
BRDA:25,12,1,1
BRDA:25,13,0,1
BRDA:25,13,1,0
BRF:29
BRH:25
end_of_record
TN:
SF:dist/src/middleware/errorMiddleware.js
FN:2,(anonymous_0)
FN:3,adopt
FN:3,(anonymous_2)
FN:4,(anonymous_3)
FN:5,fulfilled
FN:6,rejected
FN:7,step
FN:18,errorMiddleware
FN:19,(anonymous_8)
FNF:9
FNH:8
FNDA:9,(anonymous_0)
FNDA:9,adopt
FNDA:0,(anonymous_2)
FNDA:9,(anonymous_3)
FNDA:8,fulfilled
FNDA:1,rejected
FNDA:18,step
FNDA:9,errorMiddleware
FNDA:9,(anonymous_8)
DA:2,1
DA:3,9
DA:4,9
DA:5,8
DA:6,1
DA:7,18
DA:8,9
DA:11,1
DA:12,1
DA:19,9
DA:20,9
DA:21,9
DA:25,1
DA:28,1
DA:29,1
DA:32,0
DA:33,0
DA:35,1
LF:18
LH:16
BRDA:2,0,0,1
BRDA:2,0,1,1
BRDA:2,0,2,1
BRDA:3,1,0,9
BRDA:3,1,1,0
BRDA:4,2,0,9
BRDA:4,2,1,9
BRDA:7,3,0,9
BRDA:7,3,1,9
BRDA:8,4,0,9
BRDA:8,4,1,9
BRDA:25,5,0,1
BRDA:25,5,1,0
BRDA:28,6,0,1
BRDA:28,6,1,0
BRF:15
BRH:12
end_of_record
TN:
SF:dist/src/middleware/imageUpload.js
FN:2,(anonymous_0)
FN:14,(anonymous_1)
FN:18,(anonymous_2)
FN:26,(anonymous_3)
FNF:4
FNH:1
FNDA:2,(anonymous_0)
FNDA:0,(anonymous_1)
FNDA:0,(anonymous_2)
FNDA:0,(anonymous_3)
DA:2,1
DA:3,2
DA:5,1
DA:6,1
DA:7,1
DA:8,1
DA:10,1
DA:11,1
DA:15,0
DA:20,0
DA:21,0
DA:28,0
DA:29,0
DA:30,0
DA:33,0
LF:15
LH:8
BRDA:2,0,0,1
BRDA:2,0,1,1
BRDA:2,0,2,1
BRDA:3,1,0,0
BRDA:3,1,1,2
BRDA:3,2,0,2
BRDA:3,2,1,2
BRDA:29,3,0,0
BRDA:29,3,1,0
BRF:9
BRH:6
end_of_record
TN:
SF:dist/src/routes/health.js
FN:2,(anonymous_0)
FN:9,(anonymous_1)
FNF:2
FNH:1
FNDA:1,(anonymous_0)
FNDA:0,(anonymous_1)
DA:2,1
DA:3,1
DA:5,1
DA:6,1
DA:7,1
DA:9,1
DA:10,0
DA:12,1
LF:8
LH:7
BRDA:2,0,0,1
BRDA:2,0,1,1
BRDA:2,0,2,1
BRDA:3,1,0,0
BRDA:3,1,1,1
BRDA:3,2,0,1
BRDA:3,2,1,1
BRF:7
BRH:6
end_of_record
TN:
SF:dist/src/routes/hotel.js
FN:2,(anonymous_0)
FNF:1
FNH:1
FNDA:1,(anonymous_0)
DA:2,1
DA:3,1
DA:5,1
DA:6,1
DA:7,1
DA:8,1
DA:9,1
DA:11,1
DA:56,1
DA:81,1
DA:113,1
DA:133,1
DA:134,1
LF:13
LH:13
BRDA:2,0,0,1
BRDA:2,0,1,1
BRDA:2,0,2,1
BRDA:3,1,0,0
BRDA:3,1,1,1
BRDA:3,2,0,1
BRDA:3,2,1,1
BRF:7
BRH:6
end_of_record
TN:
SF:dist/src/routes/index.js
FN:2,(anonymous_0)
FNF:1
FNH:1
FNDA:7,(anonymous_0)
DA:2,1
DA:3,7
DA:5,1
DA:6,1
DA:7,1
DA:8,1
DA:9,1
DA:10,1
DA:11,1
DA:12,1
DA:13,1
DA:14,1
DA:15,1
DA:16,1
DA:17,1
DA:18,1
DA:19,1
DA:20,1
LF:18
LH:18
BRDA:2,0,0,1
BRDA:2,0,1,1
BRDA:2,0,2,1
BRDA:3,1,0,6
BRDA:3,1,1,1
BRDA:3,2,0,7
BRDA:3,2,1,7
BRF:7
BRH:7
end_of_record
TN:
SF:dist/src/routes/member.js
FN:2,(anonymous_0)
FNF:1
FNH:1
FNDA:1,(anonymous_0)
DA:2,1
DA:3,1
DA:5,1
DA:6,1
DA:7,1
DA:8,1
DA:9,1
DA:10,1
DA:11,1
DA:12,1
DA:13,1
DA:14,1
DA:15,1
DA:16,1
LF:14
LH:14
BRDA:2,0,0,1
BRDA:2,0,1,1
BRDA:2,0,2,1
BRDA:3,1,0,0
BRDA:3,1,1,1
BRDA:3,2,0,1
BRDA:3,2,1,1
BRF:7
BRH:6
end_of_record
TN:
SF:dist/src/routes/message.js
FN:2,(anonymous_0)
FNF:1
FNH:1
FNDA:1,(anonymous_0)
DA:2,1
DA:3,1
DA:5,1
DA:6,1
DA:7,1
DA:8,1
DA:9,1
DA:10,1
DA:11,1
DA:12,1
DA:13,1
LF:11
LH:11
BRDA:2,0,0,1
BRDA:2,0,1,1
BRDA:2,0,2,1
BRDA:3,1,0,0
BRDA:3,1,1,1
BRDA:3,2,0,1
BRDA:3,2,1,1
BRF:7
BRH:6
end_of_record
TN:
SF:dist/src/routes/operator.js
FN:2,(anonymous_0)
FNF:1
FNH:1
FNDA:1,(anonymous_0)
DA:2,1
DA:3,1
DA:5,1
DA:6,1
DA:7,1
DA:8,1
DA:9,1
DA:10,1
DA:11,1
LF:9
LH:9
BRDA:2,0,0,1
BRDA:2,0,1,1
BRDA:2,0,2,1
BRDA:3,1,0,0
BRDA:3,1,1,1
BRDA:3,2,0,1
BRDA:3,2,1,1
BRF:7
BRH:6
end_of_record
TN:
SF:dist/src/routes/profile.js
FN:2,(anonymous_0)
FNF:1
FNH:1
FNDA:1,(anonymous_0)
DA:2,1
DA:3,1
DA:5,1
DA:6,1
DA:7,1
DA:8,1
DA:9,1
DA:11,1
DA:12,1
LF:9
LH:9
BRDA:2,0,0,1
BRDA:2,0,1,1
BRDA:2,0,2,1
BRDA:3,1,0,0
BRDA:3,1,1,1
BRDA:3,2,0,1
BRDA:3,2,1,1
BRF:7
BRH:6
end_of_record
TN:
SF:dist/src/services/db.js
FN:2,(anonymous_0)
FN:3,adopt
FN:3,(anonymous_2)
FN:4,(anonymous_3)
FN:5,fulfilled
FN:6,rejected
FN:7,step
FN:11,(anonymous_7)
FN:18,(anonymous_8)
FN:18,(anonymous_9)
FN:28,(anonymous_10)
FN:28,(anonymous_11)
FN:40,(anonymous_12)
FN:40,(anonymous_13)
FNF:14
FNH:6
FNDA:7,(anonymous_0)
FNDA:0,adopt
FNDA:0,(anonymous_2)
FNDA:7,(anonymous_3)
FNDA:0,fulfilled
FNDA:0,rejected
FNDA:7,step
FNDA:1,(anonymous_7)
FNDA:0,(anonymous_8)
FNDA:0,(anonymous_9)
FNDA:7,(anonymous_10)
FNDA:7,(anonymous_11)
FNDA:0,(anonymous_12)
FNDA:0,(anonymous_13)
DA:2,1
DA:3,0
DA:4,7
DA:5,0
DA:6,0
DA:7,7
DA:8,7
DA:11,1
DA:12,1
DA:14,1
DA:15,1
DA:16,1
DA:17,1
DA:18,1
DA:19,0
DA:20,0
DA:21,0
DA:22,0
DA:24,0
DA:27,1
DA:28,7
DA:29,7
DA:30,1
DA:31,1
DA:34,0
DA:37,7
DA:39,1
DA:40,1
DA:41,0
DA:43,1
LF:30
LH:20
BRDA:2,0,0,1
BRDA:2,0,1,1
BRDA:2,0,2,1
BRDA:3,1,0,0
BRDA:3,1,1,0
BRDA:4,2,0,7
BRDA:4,2,1,7
BRDA:7,3,0,7
BRDA:7,3,1,0
BRDA:8,4,0,7
BRDA:8,4,1,7
BRDA:11,5,0,1
BRDA:11,5,1,1
BRDA:11,5,2,1
BRDA:12,6,0,0
BRDA:12,6,1,1
BRDA:12,7,0,1
BRDA:12,7,1,1
BRDA:19,8,0,0
BRDA:19,8,1,0
BRDA:20,9,0,0
BRDA:20,9,1,0
BRDA:21,10,0,0
BRDA:21,10,1,0
BRDA:29,11,0,1
BRDA:29,11,1,6
BRDA:30,12,0,1
BRDA:30,12,1,0
BRDA:30,13,0,1
BRDA:30,13,1,1
BRF:30
BRH:19
end_of_record
TN:
SF:dist/test/utils/mongo.js
FN:2,(anonymous_0)
FN:3,adopt
FN:3,(anonymous_2)
FN:4,(anonymous_3)
FN:5,fulfilled
FN:6,rejected
FN:7,step
FN:11,(anonymous_7)
FN:19,(anonymous_8)
FN:19,(anonymous_9)
FN:26,(anonymous_10)
FN:26,(anonymous_11)
FN:33,(anonymous_12)
FN:33,(anonymous_13)
FNF:14
FNH:12
FNDA:7,(anonymous_0)
FNDA:5,adopt
FNDA:0,(anonymous_2)
FNDA:7,(anonymous_3)
FNDA:5,fulfilled
FNDA:0,rejected
FNDA:12,step
FNDA:1,(anonymous_7)
FNDA:1,(anonymous_8)
FNDA:1,(anonymous_9)
FNDA:1,(anonymous_10)
FNDA:1,(anonymous_11)
FNDA:5,(anonymous_12)
FNDA:5,(anonymous_13)
DA:2,1
DA:3,5
DA:4,7
DA:5,5
DA:6,0
DA:7,12
DA:8,7
DA:11,1
DA:12,1
DA:14,1
DA:15,1
DA:16,1
DA:17,1
DA:19,1
DA:20,1
DA:21,1
DA:22,1
DA:23,1
DA:25,1
DA:26,1
DA:27,1
DA:28,1
DA:29,1
DA:30,1
DA:32,1
DA:33,5
DA:34,5
DA:35,5
DA:36,0
DA:39,1
LF:30
LH:28
BRDA:2,0,0,1
BRDA:2,0,1,1
BRDA:2,0,2,1
BRDA:3,1,0,5
BRDA:3,1,1,0
BRDA:4,2,0,7
BRDA:4,2,1,7
BRDA:7,3,0,7
BRDA:7,3,1,5
BRDA:8,4,0,7
BRDA:8,4,1,7
BRDA:11,5,0,1
BRDA:11,5,1,1
BRDA:11,5,2,1
BRDA:12,6,0,0
BRDA:12,6,1,1
BRDA:12,7,0,1
BRDA:12,7,1,1
BRDA:29,8,0,1
BRDA:29,8,1,0
BRF:20
BRH:17
end_of_record
TN:
SF:src/index.ts
FN:18,(anonymous_8)
FN:39,(anonymous_9)
FN:40,(anonymous_10)
FN:44,(anonymous_11)
FN:51,(anonymous_12)
FN:51,(anonymous_13)
FNF:6
FNH:0
FNDA:0,(anonymous_8)
FNDA:0,(anonymous_9)
FNDA:0,(anonymous_10)
FNDA:0,(anonymous_11)
FNDA:0,(anonymous_12)
FNDA:0,(anonymous_13)
DA:1,7
DA:2,7
DA:3,7
DA:4,7
DA:5,7
DA:6,7
DA:7,7
DA:8,7
DA:9,7
DA:10,7
DA:12,7
DA:13,7
DA:15,7
DA:16,7
DA:18,7
DA:19,0
DA:22,7
DA:23,7
DA:24,7
DA:25,7
DA:28,7
DA:29,7
DA:31,7
DA:32,7
DA:37,7
DA:38,0
DA:40,0
DA:41,0
DA:45,0
DA:46,0
DA:51,7
DA:52,0
DA:53,0
DA:54,0
DA:55,0
DA:58,7
LF:36
LH:26
BRDA:37,0,0,0
BRF:1
BRH:0
end_of_record
TN:
SF:src/config/env.ts
FNF:0
FNH:0
DA:1,7
DA:3,7
LF:2
LH:2
BRF:0
BRH:0
end_of_record
TN:
SF:src/controllers/hotel.ts
FN:50,(anonymous_7)
FN:50,(anonymous_8)
FN:77,(anonymous_9)
FN:77,(anonymous_10)
FN:96,(anonymous_11)
FN:96,(anonymous_12)
FN:106,(anonymous_13)
FN:106,(anonymous_14)
FN:116,(anonymous_15)
FN:116,(anonymous_16)
FNF:10
FNH:10
FNDA:1,(anonymous_7)
FNDA:1,(anonymous_8)
FNDA:1,(anonymous_9)
FNDA:1,(anonymous_10)
FNDA:6,(anonymous_11)
FNDA:6,(anonymous_12)
FNDA:1,(anonymous_13)
FNDA:1,(anonymous_14)
FNDA:1,(anonymous_15)
FNDA:1,(anonymous_16)
DA:2,7
DA:4,7
DA:50,7
DA:51,1
DA:52,1
DA:53,1
DA:54,1
DA:55,1
DA:58,1
DA:59,1
DA:60,1
DA:61,1
DA:62,1
DA:64,1
DA:65,1
DA:66,1
DA:67,1
DA:68,1
DA:77,7
DA:78,1
DA:79,1
DA:80,1
DA:81,1
DA:82,1
DA:84,0
DA:86,1
DA:88,1
DA:89,1
DA:91,0
DA:96,7
DA:97,6
DA:98,6
DA:100,6
DA:101,6
DA:102,6
DA:106,7
DA:107,1
DA:108,1
DA:109,1
DA:112,1
DA:116,7
DA:117,1
DA:118,1
DA:119,1
DA:120,1
LF:45
LH:43
BRDA:54,0,0,0
BRDA:55,1,0,0
BRDA:58,2,0,1
BRDA:58,2,1,1
BRDA:59,3,0,1
BRDA:59,3,1,1
BRDA:60,4,0,0
BRDA:60,5,0,1
BRDA:60,5,1,1
BRDA:61,6,0,0
BRDA:86,7,0,0
BRDA:88,8,0,1
BRDA:88,8,1,0
BRDA:88,9,0,1
BRDA:88,9,1,1
BRDA:88,9,2,1
BRF:16
BRH:10
end_of_record
TN:
SF:src/controllers/member.ts
FN:17,registerMember
FN:48,loginMember
FN:75,uploadPhoto
FN:98,addFavourite
FN:111,listFavourites
FN:121,removeFavourite
FNF:6
FNH:5
FNDA:10,registerMember
FNDA:9,loginMember
FNDA:0,uploadPhoto
FNDA:2,addFavourite
FNDA:1,listFavourites
FNDA:1,removeFavourite
DA:1,7
DA:2,7
DA:3,7
DA:4,7
DA:7,7
DA:9,7
DA:17,7
DA:18,10
DA:19,10
DA:20,0
DA:21,0
DA:22,0
DA:23,0
DA:25,10
DA:26,10
DA:27,10
DA:28,3
DA:29,3
DA:30,3
DA:31,3
DA:33,7
DA:35,7
DA:36,7
DA:37,7
DA:38,7
DA:39,7
DA:40,7
DA:48,7
DA:49,9
DA:50,9
DA:51,9
DA:52,9
DA:53,0
DA:54,0
DA:55,0
DA:57,9
DA:58,9
DA:59,1
DA:60,1
DA:61,1
DA:64,8
DA:65,8
DA:66,8
DA:67,8
DA:68,8
DA:72,8
DA:75,7
DA:77,0
DA:83,0
DA:84,0
DA:86,0
DA:98,7
DA:99,2
DA:100,2
DA:101,2
DA:102,2
DA:103,2
DA:108,2
DA:109,2
DA:111,7
DA:112,1
DA:113,1
DA:114,1
DA:115,1
DA:116,0
DA:117,0
DA:119,1
DA:121,7
DA:122,1
DA:123,1
DA:124,1
DA:125,1
DA:130,1
DA:131,1
LF:74
LH:61
BRDA:19,0,0,0
BRDA:19,1,0,10
BRDA:19,1,1,10
BRDA:19,1,2,10
BRDA:27,2,0,3
BRDA:52,3,0,0
BRDA:58,4,0,1
BRDA:83,5,0,0
BRDA:101,6,0,0
BRDA:108,7,0,0
BRDA:115,8,0,0
BRDA:119,9,0,1
BRDA:119,9,1,0
BRDA:130,10,0,0
BRF:14
BRH:6
end_of_record
TN:
SF:src/controllers/message.ts
FN:11,sendMessage
FN:31,replyMessage
FN:47,listMessages
FN:98,deleteMessage
FNF:4
FNH:4
FNDA:4,sendMessage
FNDA:1,replyMessage
FNDA:1,listMessages
FNDA:1,deleteMessage
DA:1,7
DA:2,7
DA:11,7
DA:12,4
DA:13,4
DA:14,4
DA:15,4
DA:22,4
DA:23,4
DA:24,4
DA:31,7
DA:32,1
DA:33,1
DA:34,1
DA:35,1
DA:36,1
DA:39,1
DA:44,1
DA:45,1
DA:47,7
DA:48,1
DA:49,1
DA:50,1
DA:51,1
DA:96,1
DA:98,7
DA:99,1
DA:100,1
DA:101,1
DA:102,1
DA:103,1
LF:31
LH:31
BRDA:13,0,0,0
BRDA:13,1,0,4
BRDA:13,1,1,4
BRDA:13,1,2,4
BRDA:34,2,0,0
BRDA:34,3,0,1
BRDA:34,3,1,1
BRDA:44,4,0,0
BRDA:49,5,0,0
BRDA:102,6,0,0
BRF:10
BRH:5
end_of_record
TN:
SF:src/controllers/operator.ts
FN:18,registerOperator
FN:51,loginOperator
FNF:2
FNH:2
FNDA:3,registerOperator
FNDA:3,loginOperator
DA:1,7
DA:2,7
DA:3,7
DA:6,7
DA:8,7
DA:10,7
DA:18,7
DA:19,3
DA:20,3
DA:21,0
DA:22,0
DA:24,3
DA:25,3
DA:26,0
DA:27,0
DA:29,3
DA:30,3
DA:31,3
DA:32,3
DA:33,3
DA:41,3
DA:42,3
DA:43,3
DA:51,7
DA:52,3
DA:53,3
DA:54,3
DA:55,3
DA:56,0
DA:57,0
DA:59,3
DA:60,3
DA:61,0
DA:62,0
DA:64,3
DA:67,3
LF:36
LH:28
BRDA:20,0,0,0
BRDA:25,1,0,0
BRDA:31,2,0,0
BRDA:55,3,0,0
BRDA:60,4,0,0
BRF:5
BRH:0
end_of_record
TN:
SF:src/controllers/profile.ts
FN:7,(anonymous_7)
FN:7,(anonymous_8)
FNF:2
FNH:2
FNDA:2,(anonymous_7)
FNDA:2,(anonymous_8)
DA:4,7
DA:5,7
DA:7,7
DA:9,2
DA:10,2
DA:12,2
DA:13,2
LF:7
LH:7
BRDA:12,0,0,2
BRDA:12,0,1,0
BRDA:16,1,0,0
BRDA:16,1,1,2
BRDA:16,2,0,2
BRDA:16,2,1,2
BRDA:17,3,0,0
BRDA:17,3,1,2
BRDA:17,4,0,2
BRDA:17,4,1,2
BRF:10
BRH:7
end_of_record
TN:
SF:src/middleware/auth.ts
FN:11,(anonymous_8)
FN:12,(anonymous_9)
FN:12,(anonymous_10)
FNF:3
FNH:3
FNDA:56,(anonymous_8)
FNDA:19,(anonymous_9)
FNDA:19,(anonymous_10)
DA:2,7
DA:3,7
DA:10,7
DA:11,7
DA:12,56
DA:13,19
DA:14,19
DA:16,17
DA:17,17
DA:18,17
DA:19,17
DA:20,17
DA:21,17
DA:23,0
LF:14
LH:13
BRDA:11,0,0,35
BRDA:14,1,0,2
BRDA:14,2,0,2
BRDA:14,2,1,17
BRDA:14,3,0,19
BRDA:14,3,1,19
BRDA:19,4,0,0
BRDA:19,5,0,17
BRDA:19,5,1,8
BRF:9
BRH:8
end_of_record
TN:
SF:src/middleware/errorMiddleware.ts
FN:8,errorMiddleware
FNF:1
FNH:1
FNDA:51,errorMiddleware
DA:8,7
DA:9,51
DA:10,51
DA:13,2
DA:16,2
DA:17,2
DA:19,0
DA:20,0
DA:22,2
LF:9
LH:7
BRDA:13,0,0,2
BRDA:13,0,1,0
BRDA:16,1,0,2
BRDA:16,1,1,0
BRF:4
BRH:2
end_of_record
TN:
SF:src/middleware/imageUpload.ts
FN:10,(anonymous_1)
FN:14,(anonymous_2)
FN:22,(anonymous_3)
FNF:3
FNH:0
FNDA:0,(anonymous_1)
FNDA:0,(anonymous_2)
FNDA:0,(anonymous_3)
DA:1,7
DA:2,7
DA:5,7
DA:7,7
DA:11,0
DA:16,0
DA:17,0
DA:24,0
DA:25,0
DA:26,0
DA:28,0
LF:11
LH:4
BRDA:25,0,0,0
BRDA:25,0,1,0
BRF:2
BRH:0
end_of_record
TN:
SF:src/routes/health.ts
FN:6,(anonymous_1)
FNF:1
FNH:1
FNDA:1,(anonymous_1)
DA:1,7
DA:3,7
DA:6,7
DA:7,1
DA:10,7
LF:5
LH:5
BRF:0
BRH:0
end_of_record
TN:
SF:src/routes/hotel.ts
FNF:0
FNH:0
DA:1,7
DA:2,7
DA:3,7
DA:5,7
DA:8,7
DA:55,7
DA:81,7
DA:114,7
DA:135,7
DA:137,7
LF:10
LH:10
BRF:0
BRH:0
end_of_record
TN:
SF:src/routes/index.ts
FNF:0
FNH:0
DA:1,7
DA:2,7
DA:3,7
DA:4,7
DA:5,7
DA:6,7
DA:7,7
DA:9,7
DA:11,7
DA:12,7
DA:13,7
DA:14,7
DA:15,7
DA:17,7
DA:19,7
LF:15
LH:15
BRF:0
BRH:0
end_of_record
TN:
SF:src/routes/member.ts
FNF:0
FNH:0
DA:1,7
DA:2,7
DA:10,7
DA:12,7
DA:14,7
DA:15,7
DA:16,7
DA:17,7
DA:18,7
DA:19,7
DA:21,7
LF:11
LH:11
BRF:0
BRH:0
end_of_record
TN:
SF:src/routes/message.ts
FNF:0
FNH:0
DA:1,7
DA:2,7
DA:3,7
DA:5,7
DA:7,7
DA:8,7
DA:9,7
DA:10,7
DA:12,7
LF:9
LH:9
BRF:0
BRH:0
end_of_record
TN:
SF:src/routes/operator.ts
FNF:0
FNH:0
DA:1,7
DA:2,7
DA:4,7
DA:6,7
DA:7,7
DA:9,7
LF:6
LH:6
BRF:0
BRH:0
end_of_record
TN:
SF:src/routes/profile.ts
FNF:0
FNH:0
DA:1,7
DA:2,7
DA:3,7
DA:5,7
DA:8,7
DA:10,7
LF:6
LH:6
BRF:0
BRH:0
end_of_record
TN:
SF:src/services/db.ts
FN:6,(anonymous_8)
FN:6,(anonymous_9)
FN:17,(anonymous_10)
FN:17,(anonymous_11)
FN:29,(anonymous_12)
FN:29,(anonymous_13)
FNF:6
FNH:2
FNDA:0,(anonymous_8)
FNDA:0,(anonymous_9)
FNDA:48,(anonymous_10)
FNDA:48,(anonymous_11)
FNDA:0,(anonymous_12)
FNDA:0,(anonymous_13)
DA:1,7
DA:4,7
DA:6,7
DA:7,0
DA:8,0
DA:9,0
DA:10,0
DA:12,0
DA:17,48
DA:18,48
DA:19,6
DA:20,6
DA:22,0
DA:25,48
DA:29,7
DA:30,0
LF:16
LH:9
BRDA:7,0,0,0
BRDA:8,1,0,0
BRDA:8,1,1,0
BRDA:9,2,0,0
BRDA:18,3,0,6
BRDA:19,4,0,6
BRDA:19,4,1,0
BRDA:19,5,0,6
BRDA:19,5,1,6
BRF:9
BRH:4
end_of_record
TN:
SF:test/utils/mongo.ts
FN:6,(anonymous_8)
FN:6,(anonymous_9)
FN:13,(anonymous_10)
FN:13,(anonymous_11)
FN:19,(anonymous_12)
FN:19,(anonymous_13)
FNF:6
FNH:6
FNDA:6,(anonymous_8)
FNDA:6,(anonymous_9)
FNDA:6,(anonymous_10)
FNDA:6,(anonymous_11)
FNDA:23,(anonymous_12)
FNDA:23,(anonymous_13)
DA:1,6
DA:2,6
DA:6,6
DA:7,6
DA:8,6
DA:9,6
DA:10,6
DA:13,6
DA:14,6
DA:15,6
DA:16,6
DA:19,23
DA:20,23
DA:21,23
DA:22,0
LF:15
LH:14
BRDA:16,0,0,6
BRF:1
BRH:1
end_of_record
